[2025-03-15T09:34:18.483+0000] {processor.py:186} INFO - Started process (PID=83) to work on /opt/airflow/dags/01_Bronze/01_FPL_raw_teams.py
[2025-03-15T09:34:18.487+0000] {processor.py:914} INFO - Processing file /opt/airflow/dags/01_Bronze/01_FPL_raw_teams.py for tasks to queue
[2025-03-15T09:34:18.496+0000] {logging_mixin.py:190} INFO - [2025-03-15T09:34:18.495+0000] {dagbag.py:588} INFO - Filling up the DagBag from /opt/airflow/dags/01_Bronze/01_FPL_raw_teams.py
[2025-03-15T09:34:19.382+0000] {processor.py:925} INFO - DAG(s) 'FPL_raw_teams' retrieved from /opt/airflow/dags/01_Bronze/01_FPL_raw_teams.py
[2025-03-15T09:34:19.539+0000] {logging_mixin.py:190} INFO - [2025-03-15T09:34:19.538+0000] {override.py:1912} INFO - Created Permission View: can read on DAG:FPL_raw_teams
[2025-03-15T09:34:19.561+0000] {logging_mixin.py:190} INFO - [2025-03-15T09:34:19.560+0000] {override.py:1912} INFO - Created Permission View: can edit on DAG:FPL_raw_teams
[2025-03-15T09:34:19.573+0000] {logging_mixin.py:190} INFO - [2025-03-15T09:34:19.573+0000] {override.py:1912} INFO - Created Permission View: can delete on DAG:FPL_raw_teams
[2025-03-15T09:34:19.585+0000] {logging_mixin.py:190} INFO - [2025-03-15T09:34:19.585+0000] {override.py:1912} INFO - Created Permission View: menu access on DAG Run:FPL_raw_teams
[2025-03-15T09:34:19.597+0000] {logging_mixin.py:190} INFO - [2025-03-15T09:34:19.596+0000] {override.py:1912} INFO - Created Permission View: can read on DAG Run:FPL_raw_teams
[2025-03-15T09:34:19.608+0000] {logging_mixin.py:190} INFO - [2025-03-15T09:34:19.608+0000] {override.py:1912} INFO - Created Permission View: can create on DAG Run:FPL_raw_teams
[2025-03-15T09:34:19.621+0000] {logging_mixin.py:190} INFO - [2025-03-15T09:34:19.620+0000] {override.py:1912} INFO - Created Permission View: can delete on DAG Run:FPL_raw_teams
[2025-03-15T09:34:19.622+0000] {logging_mixin.py:190} INFO - [2025-03-15T09:34:19.621+0000] {dag.py:3239} INFO - Sync 1 DAGs
[2025-03-15T09:34:19.640+0000] {logging_mixin.py:190} INFO - [2025-03-15T09:34:19.640+0000] {dag.py:3262} INFO - Creating ORM DAG for FPL_raw_teams
[2025-03-15T09:34:19.657+0000] {logging_mixin.py:190} INFO - [2025-03-15T09:34:19.656+0000] {dag.py:4180} INFO - Setting next_dagrun for FPL_raw_teams to 2025-03-14 00:05:00+00:00, run_after=2025-03-15 00:05:00+00:00
[2025-03-15T09:34:19.687+0000] {processor.py:208} INFO - Processing /opt/airflow/dags/01_Bronze/01_FPL_raw_teams.py took 1.216 seconds
[2025-03-15T09:34:49.998+0000] {processor.py:186} INFO - Started process (PID=98) to work on /opt/airflow/dags/01_Bronze/01_FPL_raw_teams.py
[2025-03-15T09:34:50.003+0000] {processor.py:914} INFO - Processing file /opt/airflow/dags/01_Bronze/01_FPL_raw_teams.py for tasks to queue
[2025-03-15T09:34:50.024+0000] {logging_mixin.py:190} INFO - [2025-03-15T09:34:50.023+0000] {dagbag.py:588} INFO - Filling up the DagBag from /opt/airflow/dags/01_Bronze/01_FPL_raw_teams.py
[2025-03-15T09:34:51.135+0000] {processor.py:925} INFO - DAG(s) 'FPL_raw_teams' retrieved from /opt/airflow/dags/01_Bronze/01_FPL_raw_teams.py
[2025-03-15T09:34:51.169+0000] {logging_mixin.py:190} INFO - [2025-03-15T09:34:51.169+0000] {dag.py:3239} INFO - Sync 1 DAGs
[2025-03-15T09:34:51.206+0000] {logging_mixin.py:190} INFO - [2025-03-15T09:34:51.205+0000] {dag.py:4180} INFO - Setting next_dagrun for FPL_raw_teams to 2025-03-14 00:05:00+00:00, run_after=2025-03-15 00:05:00+00:00
[2025-03-15T09:34:51.260+0000] {processor.py:208} INFO - Processing /opt/airflow/dags/01_Bronze/01_FPL_raw_teams.py took 1.287 seconds
[2025-03-15T09:35:22.491+0000] {processor.py:186} INFO - Started process (PID=113) to work on /opt/airflow/dags/01_Bronze/01_FPL_raw_teams.py
[2025-03-15T09:35:22.492+0000] {processor.py:914} INFO - Processing file /opt/airflow/dags/01_Bronze/01_FPL_raw_teams.py for tasks to queue
[2025-03-15T09:35:22.498+0000] {logging_mixin.py:190} INFO - [2025-03-15T09:35:22.497+0000] {dagbag.py:588} INFO - Filling up the DagBag from /opt/airflow/dags/01_Bronze/01_FPL_raw_teams.py
[2025-03-15T09:35:24.118+0000] {processor.py:925} INFO - DAG(s) 'FPL_raw_teams' retrieved from /opt/airflow/dags/01_Bronze/01_FPL_raw_teams.py
[2025-03-15T09:35:24.186+0000] {logging_mixin.py:190} INFO - [2025-03-15T09:35:24.185+0000] {dag.py:3239} INFO - Sync 1 DAGs
[2025-03-15T09:35:24.254+0000] {logging_mixin.py:190} INFO - [2025-03-15T09:35:24.253+0000] {dag.py:4180} INFO - Setting next_dagrun for FPL_raw_teams to 2025-03-14 00:05:00+00:00, run_after=2025-03-15 00:05:00+00:00
[2025-03-15T09:35:24.329+0000] {processor.py:208} INFO - Processing /opt/airflow/dags/01_Bronze/01_FPL_raw_teams.py took 1.851 seconds
[2025-03-15T09:35:54.505+0000] {processor.py:186} INFO - Started process (PID=127) to work on /opt/airflow/dags/01_Bronze/01_FPL_raw_teams.py
[2025-03-15T09:35:54.507+0000] {processor.py:914} INFO - Processing file /opt/airflow/dags/01_Bronze/01_FPL_raw_teams.py for tasks to queue
[2025-03-15T09:35:54.519+0000] {logging_mixin.py:190} INFO - [2025-03-15T09:35:54.518+0000] {dagbag.py:588} INFO - Filling up the DagBag from /opt/airflow/dags/01_Bronze/01_FPL_raw_teams.py
[2025-03-15T09:35:55.782+0000] {processor.py:925} INFO - DAG(s) 'FPL_raw_teams' retrieved from /opt/airflow/dags/01_Bronze/01_FPL_raw_teams.py
[2025-03-15T09:35:55.829+0000] {logging_mixin.py:190} INFO - [2025-03-15T09:35:55.828+0000] {dag.py:3239} INFO - Sync 1 DAGs
[2025-03-15T09:35:55.882+0000] {logging_mixin.py:190} INFO - [2025-03-15T09:35:55.882+0000] {dag.py:4180} INFO - Setting next_dagrun for FPL_raw_teams to 2025-03-14 00:05:00+00:00, run_after=2025-03-15 00:05:00+00:00
[2025-03-15T09:35:55.917+0000] {processor.py:208} INFO - Processing /opt/airflow/dags/01_Bronze/01_FPL_raw_teams.py took 1.435 seconds
[2025-03-15T09:36:26.677+0000] {processor.py:186} INFO - Started process (PID=142) to work on /opt/airflow/dags/01_Bronze/01_FPL_raw_teams.py
[2025-03-15T09:36:26.679+0000] {processor.py:914} INFO - Processing file /opt/airflow/dags/01_Bronze/01_FPL_raw_teams.py for tasks to queue
[2025-03-15T09:36:26.683+0000] {logging_mixin.py:190} INFO - [2025-03-15T09:36:26.682+0000] {dagbag.py:588} INFO - Filling up the DagBag from /opt/airflow/dags/01_Bronze/01_FPL_raw_teams.py
[2025-03-15T09:36:27.531+0000] {processor.py:925} INFO - DAG(s) 'FPL_raw_teams' retrieved from /opt/airflow/dags/01_Bronze/01_FPL_raw_teams.py
[2025-03-15T09:36:27.619+0000] {logging_mixin.py:190} INFO - [2025-03-15T09:36:27.618+0000] {dag.py:3239} INFO - Sync 1 DAGs
[2025-03-15T09:36:27.728+0000] {logging_mixin.py:190} INFO - [2025-03-15T09:36:27.727+0000] {dag.py:4180} INFO - Setting next_dagrun for FPL_raw_teams to 2025-03-14 00:05:00+00:00, run_after=2025-03-15 00:05:00+00:00
[2025-03-15T09:36:27.793+0000] {processor.py:208} INFO - Processing /opt/airflow/dags/01_Bronze/01_FPL_raw_teams.py took 1.125 seconds
[2025-03-15T09:36:58.552+0000] {processor.py:186} INFO - Started process (PID=157) to work on /opt/airflow/dags/01_Bronze/01_FPL_raw_teams.py
[2025-03-15T09:36:58.554+0000] {processor.py:914} INFO - Processing file /opt/airflow/dags/01_Bronze/01_FPL_raw_teams.py for tasks to queue
[2025-03-15T09:36:58.559+0000] {logging_mixin.py:190} INFO - [2025-03-15T09:36:58.559+0000] {dagbag.py:588} INFO - Filling up the DagBag from /opt/airflow/dags/01_Bronze/01_FPL_raw_teams.py
[2025-03-15T09:36:59.220+0000] {processor.py:925} INFO - DAG(s) 'FPL_raw_teams' retrieved from /opt/airflow/dags/01_Bronze/01_FPL_raw_teams.py
[2025-03-15T09:36:59.267+0000] {logging_mixin.py:190} INFO - [2025-03-15T09:36:59.266+0000] {dag.py:3239} INFO - Sync 1 DAGs
[2025-03-15T09:36:59.336+0000] {logging_mixin.py:190} INFO - [2025-03-15T09:36:59.335+0000] {dag.py:4180} INFO - Setting next_dagrun for FPL_raw_teams to 2025-03-14 00:05:00+00:00, run_after=2025-03-15 00:05:00+00:00
[2025-03-15T09:36:59.434+0000] {processor.py:208} INFO - Processing /opt/airflow/dags/01_Bronze/01_FPL_raw_teams.py took 0.902 seconds
[2025-03-15T09:37:30.286+0000] {processor.py:186} INFO - Started process (PID=172) to work on /opt/airflow/dags/01_Bronze/01_FPL_raw_teams.py
[2025-03-15T09:37:30.288+0000] {processor.py:914} INFO - Processing file /opt/airflow/dags/01_Bronze/01_FPL_raw_teams.py for tasks to queue
[2025-03-15T09:37:30.293+0000] {logging_mixin.py:190} INFO - [2025-03-15T09:37:30.292+0000] {dagbag.py:588} INFO - Filling up the DagBag from /opt/airflow/dags/01_Bronze/01_FPL_raw_teams.py
[2025-03-15T09:37:30.993+0000] {processor.py:925} INFO - DAG(s) 'FPL_raw_teams' retrieved from /opt/airflow/dags/01_Bronze/01_FPL_raw_teams.py
[2025-03-15T09:37:31.062+0000] {logging_mixin.py:190} INFO - [2025-03-15T09:37:31.061+0000] {dag.py:3239} INFO - Sync 1 DAGs
[2025-03-15T09:37:31.127+0000] {logging_mixin.py:190} INFO - [2025-03-15T09:37:31.127+0000] {dag.py:4180} INFO - Setting next_dagrun for FPL_raw_teams to 2025-03-14 00:05:00+00:00, run_after=2025-03-15 00:05:00+00:00
[2025-03-15T09:37:31.184+0000] {processor.py:208} INFO - Processing /opt/airflow/dags/01_Bronze/01_FPL_raw_teams.py took 0.913 seconds
[2025-03-15T09:38:01.512+0000] {processor.py:186} INFO - Started process (PID=187) to work on /opt/airflow/dags/01_Bronze/01_FPL_raw_teams.py
[2025-03-15T09:38:01.514+0000] {processor.py:914} INFO - Processing file /opt/airflow/dags/01_Bronze/01_FPL_raw_teams.py for tasks to queue
[2025-03-15T09:38:01.527+0000] {logging_mixin.py:190} INFO - [2025-03-15T09:38:01.526+0000] {dagbag.py:588} INFO - Filling up the DagBag from /opt/airflow/dags/01_Bronze/01_FPL_raw_teams.py
[2025-03-15T09:38:02.296+0000] {processor.py:925} INFO - DAG(s) 'FPL_raw_teams' retrieved from /opt/airflow/dags/01_Bronze/01_FPL_raw_teams.py
[2025-03-15T09:38:02.397+0000] {logging_mixin.py:190} INFO - [2025-03-15T09:38:02.396+0000] {dag.py:3239} INFO - Sync 1 DAGs
[2025-03-15T09:38:02.470+0000] {logging_mixin.py:190} INFO - [2025-03-15T09:38:02.469+0000] {dag.py:4180} INFO - Setting next_dagrun for FPL_raw_teams to 2025-03-14 00:05:00+00:00, run_after=2025-03-15 00:05:00+00:00
[2025-03-15T09:38:02.510+0000] {processor.py:208} INFO - Processing /opt/airflow/dags/01_Bronze/01_FPL_raw_teams.py took 1.011 seconds
[2025-03-15T09:38:32.911+0000] {processor.py:186} INFO - Started process (PID=202) to work on /opt/airflow/dags/01_Bronze/01_FPL_raw_teams.py
[2025-03-15T09:38:32.914+0000] {processor.py:914} INFO - Processing file /opt/airflow/dags/01_Bronze/01_FPL_raw_teams.py for tasks to queue
[2025-03-15T09:38:32.933+0000] {logging_mixin.py:190} INFO - [2025-03-15T09:38:32.932+0000] {dagbag.py:588} INFO - Filling up the DagBag from /opt/airflow/dags/01_Bronze/01_FPL_raw_teams.py
[2025-03-15T09:38:34.477+0000] {processor.py:925} INFO - DAG(s) 'FPL_raw_teams' retrieved from /opt/airflow/dags/01_Bronze/01_FPL_raw_teams.py
[2025-03-15T09:38:34.554+0000] {logging_mixin.py:190} INFO - [2025-03-15T09:38:34.554+0000] {dag.py:3239} INFO - Sync 1 DAGs
[2025-03-15T09:38:34.607+0000] {logging_mixin.py:190} INFO - [2025-03-15T09:38:34.607+0000] {dag.py:4180} INFO - Setting next_dagrun for FPL_raw_teams to 2025-03-14 00:05:00+00:00, run_after=2025-03-15 00:05:00+00:00
[2025-03-15T09:38:34.644+0000] {processor.py:208} INFO - Processing /opt/airflow/dags/01_Bronze/01_FPL_raw_teams.py took 1.756 seconds
[2025-03-15T09:39:08.569+0000] {processor.py:186} INFO - Started process (PID=224) to work on /opt/airflow/dags/01_Bronze/01_FPL_raw_teams.py
[2025-03-15T09:39:08.578+0000] {processor.py:914} INFO - Processing file /opt/airflow/dags/01_Bronze/01_FPL_raw_teams.py for tasks to queue
[2025-03-15T09:39:08.601+0000] {logging_mixin.py:190} INFO - [2025-03-15T09:39:08.598+0000] {dagbag.py:588} INFO - Filling up the DagBag from /opt/airflow/dags/01_Bronze/01_FPL_raw_teams.py
[2025-03-15T09:39:10.073+0000] {processor.py:925} INFO - DAG(s) 'FPL_raw_teams' retrieved from /opt/airflow/dags/01_Bronze/01_FPL_raw_teams.py
[2025-03-15T09:39:10.121+0000] {logging_mixin.py:190} INFO - [2025-03-15T09:39:10.120+0000] {dag.py:3239} INFO - Sync 1 DAGs
[2025-03-15T09:39:10.190+0000] {logging_mixin.py:190} INFO - [2025-03-15T09:39:10.190+0000] {dag.py:4180} INFO - Setting next_dagrun for FPL_raw_teams to 2025-03-14 00:05:00+00:00, run_after=2025-03-15 00:05:00+00:00
[2025-03-15T09:39:10.240+0000] {processor.py:208} INFO - Processing /opt/airflow/dags/01_Bronze/01_FPL_raw_teams.py took 1.710 seconds
[2025-03-15T09:39:40.723+0000] {processor.py:186} INFO - Started process (PID=239) to work on /opt/airflow/dags/01_Bronze/01_FPL_raw_teams.py
[2025-03-15T09:39:40.725+0000] {processor.py:914} INFO - Processing file /opt/airflow/dags/01_Bronze/01_FPL_raw_teams.py for tasks to queue
[2025-03-15T09:39:40.734+0000] {logging_mixin.py:190} INFO - [2025-03-15T09:39:40.731+0000] {dagbag.py:588} INFO - Filling up the DagBag from /opt/airflow/dags/01_Bronze/01_FPL_raw_teams.py
[2025-03-15T09:39:41.292+0000] {processor.py:925} INFO - DAG(s) 'FPL_raw_teams' retrieved from /opt/airflow/dags/01_Bronze/01_FPL_raw_teams.py
[2025-03-15T09:39:41.334+0000] {logging_mixin.py:190} INFO - [2025-03-15T09:39:41.333+0000] {dag.py:3239} INFO - Sync 1 DAGs
[2025-03-15T09:39:41.372+0000] {logging_mixin.py:190} INFO - [2025-03-15T09:39:41.372+0000] {dag.py:4180} INFO - Setting next_dagrun for FPL_raw_teams to 2025-03-14 00:05:00+00:00, run_after=2025-03-15 00:05:00+00:00
[2025-03-15T09:39:41.405+0000] {processor.py:208} INFO - Processing /opt/airflow/dags/01_Bronze/01_FPL_raw_teams.py took 0.709 seconds
[2025-03-15T09:40:11.759+0000] {processor.py:186} INFO - Started process (PID=254) to work on /opt/airflow/dags/01_Bronze/01_FPL_raw_teams.py
[2025-03-15T09:40:11.760+0000] {processor.py:914} INFO - Processing file /opt/airflow/dags/01_Bronze/01_FPL_raw_teams.py for tasks to queue
[2025-03-15T09:40:11.764+0000] {logging_mixin.py:190} INFO - [2025-03-15T09:40:11.763+0000] {dagbag.py:588} INFO - Filling up the DagBag from /opt/airflow/dags/01_Bronze/01_FPL_raw_teams.py
[2025-03-15T09:40:12.206+0000] {processor.py:925} INFO - DAG(s) 'FPL_raw_teams' retrieved from /opt/airflow/dags/01_Bronze/01_FPL_raw_teams.py
[2025-03-15T09:40:12.233+0000] {logging_mixin.py:190} INFO - [2025-03-15T09:40:12.232+0000] {dag.py:3239} INFO - Sync 1 DAGs
[2025-03-15T09:40:12.259+0000] {logging_mixin.py:190} INFO - [2025-03-15T09:40:12.259+0000] {dag.py:4180} INFO - Setting next_dagrun for FPL_raw_teams to 2025-03-14 00:05:00+00:00, run_after=2025-03-15 00:05:00+00:00
[2025-03-15T09:40:12.284+0000] {processor.py:208} INFO - Processing /opt/airflow/dags/01_Bronze/01_FPL_raw_teams.py took 0.533 seconds
[2025-03-15T09:40:42.742+0000] {processor.py:186} INFO - Started process (PID=268) to work on /opt/airflow/dags/01_Bronze/01_FPL_raw_teams.py
[2025-03-15T09:40:42.744+0000] {processor.py:914} INFO - Processing file /opt/airflow/dags/01_Bronze/01_FPL_raw_teams.py for tasks to queue
[2025-03-15T09:40:42.751+0000] {logging_mixin.py:190} INFO - [2025-03-15T09:40:42.750+0000] {dagbag.py:588} INFO - Filling up the DagBag from /opt/airflow/dags/01_Bronze/01_FPL_raw_teams.py
[2025-03-15T09:40:43.521+0000] {processor.py:925} INFO - DAG(s) 'FPL_raw_teams' retrieved from /opt/airflow/dags/01_Bronze/01_FPL_raw_teams.py
[2025-03-15T09:40:43.566+0000] {logging_mixin.py:190} INFO - [2025-03-15T09:40:43.565+0000] {dag.py:3239} INFO - Sync 1 DAGs
[2025-03-15T09:40:43.616+0000] {logging_mixin.py:190} INFO - [2025-03-15T09:40:43.616+0000] {dag.py:4180} INFO - Setting next_dagrun for FPL_raw_teams to 2025-03-14 00:05:00+00:00, run_after=2025-03-15 00:05:00+00:00
[2025-03-15T09:40:43.654+0000] {processor.py:208} INFO - Processing /opt/airflow/dags/01_Bronze/01_FPL_raw_teams.py took 0.931 seconds
[2025-03-15T09:41:13.844+0000] {processor.py:186} INFO - Started process (PID=283) to work on /opt/airflow/dags/01_Bronze/01_FPL_raw_teams.py
[2025-03-15T09:41:13.846+0000] {processor.py:914} INFO - Processing file /opt/airflow/dags/01_Bronze/01_FPL_raw_teams.py for tasks to queue
[2025-03-15T09:41:13.849+0000] {logging_mixin.py:190} INFO - [2025-03-15T09:41:13.849+0000] {dagbag.py:588} INFO - Filling up the DagBag from /opt/airflow/dags/01_Bronze/01_FPL_raw_teams.py
[2025-03-15T09:41:14.408+0000] {processor.py:925} INFO - DAG(s) 'FPL_raw_teams' retrieved from /opt/airflow/dags/01_Bronze/01_FPL_raw_teams.py
[2025-03-15T09:41:14.457+0000] {logging_mixin.py:190} INFO - [2025-03-15T09:41:14.457+0000] {dag.py:3239} INFO - Sync 1 DAGs
[2025-03-15T09:41:14.503+0000] {logging_mixin.py:190} INFO - [2025-03-15T09:41:14.503+0000] {dag.py:4180} INFO - Setting next_dagrun for FPL_raw_teams to 2025-03-14 00:05:00+00:00, run_after=2025-03-15 00:05:00+00:00
[2025-03-15T09:41:14.543+0000] {processor.py:208} INFO - Processing /opt/airflow/dags/01_Bronze/01_FPL_raw_teams.py took 0.707 seconds
[2025-03-15T09:41:44.728+0000] {processor.py:186} INFO - Started process (PID=298) to work on /opt/airflow/dags/01_Bronze/01_FPL_raw_teams.py
[2025-03-15T09:41:44.730+0000] {processor.py:914} INFO - Processing file /opt/airflow/dags/01_Bronze/01_FPL_raw_teams.py for tasks to queue
[2025-03-15T09:41:44.734+0000] {logging_mixin.py:190} INFO - [2025-03-15T09:41:44.733+0000] {dagbag.py:588} INFO - Filling up the DagBag from /opt/airflow/dags/01_Bronze/01_FPL_raw_teams.py
[2025-03-15T09:41:45.419+0000] {processor.py:925} INFO - DAG(s) 'FPL_raw_teams' retrieved from /opt/airflow/dags/01_Bronze/01_FPL_raw_teams.py
[2025-03-15T09:41:45.464+0000] {logging_mixin.py:190} INFO - [2025-03-15T09:41:45.463+0000] {dag.py:3239} INFO - Sync 1 DAGs
[2025-03-15T09:41:45.509+0000] {logging_mixin.py:190} INFO - [2025-03-15T09:41:45.508+0000] {dag.py:4180} INFO - Setting next_dagrun for FPL_raw_teams to 2025-03-14 00:05:00+00:00, run_after=2025-03-15 00:05:00+00:00
[2025-03-15T09:41:45.550+0000] {processor.py:208} INFO - Processing /opt/airflow/dags/01_Bronze/01_FPL_raw_teams.py took 0.832 seconds
[2025-03-15T09:42:16.107+0000] {processor.py:186} INFO - Started process (PID=313) to work on /opt/airflow/dags/01_Bronze/01_FPL_raw_teams.py
[2025-03-15T09:42:16.109+0000] {processor.py:914} INFO - Processing file /opt/airflow/dags/01_Bronze/01_FPL_raw_teams.py for tasks to queue
[2025-03-15T09:42:16.115+0000] {logging_mixin.py:190} INFO - [2025-03-15T09:42:16.114+0000] {dagbag.py:588} INFO - Filling up the DagBag from /opt/airflow/dags/01_Bronze/01_FPL_raw_teams.py
[2025-03-15T09:42:16.584+0000] {processor.py:925} INFO - DAG(s) 'FPL_raw_teams' retrieved from /opt/airflow/dags/01_Bronze/01_FPL_raw_teams.py
[2025-03-15T09:42:16.622+0000] {logging_mixin.py:190} INFO - [2025-03-15T09:42:16.621+0000] {dag.py:3239} INFO - Sync 1 DAGs
[2025-03-15T09:42:16.662+0000] {logging_mixin.py:190} INFO - [2025-03-15T09:42:16.662+0000] {dag.py:4180} INFO - Setting next_dagrun for FPL_raw_teams to 2025-03-14 00:05:00+00:00, run_after=2025-03-15 00:05:00+00:00
[2025-03-15T09:42:16.696+0000] {processor.py:208} INFO - Processing /opt/airflow/dags/01_Bronze/01_FPL_raw_teams.py took 0.598 seconds
[2025-03-15T09:42:47.261+0000] {processor.py:186} INFO - Started process (PID=328) to work on /opt/airflow/dags/01_Bronze/01_FPL_raw_teams.py
[2025-03-15T09:42:47.262+0000] {processor.py:914} INFO - Processing file /opt/airflow/dags/01_Bronze/01_FPL_raw_teams.py for tasks to queue
[2025-03-15T09:42:47.265+0000] {logging_mixin.py:190} INFO - [2025-03-15T09:42:47.265+0000] {dagbag.py:588} INFO - Filling up the DagBag from /opt/airflow/dags/01_Bronze/01_FPL_raw_teams.py
[2025-03-15T09:42:47.827+0000] {processor.py:925} INFO - DAG(s) 'FPL_raw_teams' retrieved from /opt/airflow/dags/01_Bronze/01_FPL_raw_teams.py
[2025-03-15T09:42:47.879+0000] {logging_mixin.py:190} INFO - [2025-03-15T09:42:47.878+0000] {dag.py:3239} INFO - Sync 1 DAGs
[2025-03-15T09:42:47.937+0000] {logging_mixin.py:190} INFO - [2025-03-15T09:42:47.936+0000] {dag.py:4180} INFO - Setting next_dagrun for FPL_raw_teams to 2025-03-14 00:05:00+00:00, run_after=2025-03-15 00:05:00+00:00
[2025-03-15T09:42:47.982+0000] {processor.py:208} INFO - Processing /opt/airflow/dags/01_Bronze/01_FPL_raw_teams.py took 0.728 seconds
[2025-03-15T09:43:18.818+0000] {processor.py:186} INFO - Started process (PID=343) to work on /opt/airflow/dags/01_Bronze/01_FPL_raw_teams.py
[2025-03-15T09:43:18.820+0000] {processor.py:914} INFO - Processing file /opt/airflow/dags/01_Bronze/01_FPL_raw_teams.py for tasks to queue
[2025-03-15T09:43:18.824+0000] {logging_mixin.py:190} INFO - [2025-03-15T09:43:18.824+0000] {dagbag.py:588} INFO - Filling up the DagBag from /opt/airflow/dags/01_Bronze/01_FPL_raw_teams.py
[2025-03-15T09:43:19.574+0000] {processor.py:925} INFO - DAG(s) 'FPL_raw_teams' retrieved from /opt/airflow/dags/01_Bronze/01_FPL_raw_teams.py
[2025-03-15T09:43:19.638+0000] {logging_mixin.py:190} INFO - [2025-03-15T09:43:19.637+0000] {dag.py:3239} INFO - Sync 1 DAGs
[2025-03-15T09:43:19.706+0000] {logging_mixin.py:190} INFO - [2025-03-15T09:43:19.705+0000] {dag.py:4180} INFO - Setting next_dagrun for FPL_raw_teams to 2025-03-14 00:05:00+00:00, run_after=2025-03-15 00:05:00+00:00
[2025-03-15T09:43:19.746+0000] {processor.py:208} INFO - Processing /opt/airflow/dags/01_Bronze/01_FPL_raw_teams.py took 0.941 seconds
[2025-03-15T09:43:50.210+0000] {processor.py:186} INFO - Started process (PID=358) to work on /opt/airflow/dags/01_Bronze/01_FPL_raw_teams.py
[2025-03-15T09:43:50.211+0000] {processor.py:914} INFO - Processing file /opt/airflow/dags/01_Bronze/01_FPL_raw_teams.py for tasks to queue
[2025-03-15T09:43:50.214+0000] {logging_mixin.py:190} INFO - [2025-03-15T09:43:50.214+0000] {dagbag.py:588} INFO - Filling up the DagBag from /opt/airflow/dags/01_Bronze/01_FPL_raw_teams.py
[2025-03-15T09:43:50.834+0000] {processor.py:925} INFO - DAG(s) 'FPL_raw_teams' retrieved from /opt/airflow/dags/01_Bronze/01_FPL_raw_teams.py
[2025-03-15T09:43:50.878+0000] {logging_mixin.py:190} INFO - [2025-03-15T09:43:50.877+0000] {dag.py:3239} INFO - Sync 1 DAGs
[2025-03-15T09:43:50.944+0000] {logging_mixin.py:190} INFO - [2025-03-15T09:43:50.944+0000] {dag.py:4180} INFO - Setting next_dagrun for FPL_raw_teams to 2025-03-14 00:05:00+00:00, run_after=2025-03-15 00:05:00+00:00
[2025-03-15T09:43:50.991+0000] {processor.py:208} INFO - Processing /opt/airflow/dags/01_Bronze/01_FPL_raw_teams.py took 0.789 seconds
