[2025-03-15T09:34:12.283+0000] {processor.py:186} INFO - Started process (PID=76) to work on /opt/airflow/dags/01_Bronze/02_FPL_raw_players.py
[2025-03-15T09:34:12.287+0000] {processor.py:914} INFO - Processing file /opt/airflow/dags/01_Bronze/02_FPL_raw_players.py for tasks to queue
[2025-03-15T09:34:12.296+0000] {logging_mixin.py:190} INFO - [2025-03-15T09:34:12.295+0000] {dagbag.py:588} INFO - Filling up the DagBag from /opt/airflow/dags/01_Bronze/02_FPL_raw_players.py
[2025-03-15T09:34:16.223+0000] {processor.py:925} INFO - DAG(s) 'FPL_raw_players' retrieved from /opt/airflow/dags/01_Bronze/02_FPL_raw_players.py
[2025-03-15T09:34:16.676+0000] {logging_mixin.py:190} INFO - [2025-03-15T09:34:16.674+0000] {override.py:1912} INFO - Created Permission View: can read on DAG:FPL_raw_players
[2025-03-15T09:34:16.696+0000] {logging_mixin.py:190} INFO - [2025-03-15T09:34:16.695+0000] {override.py:1912} INFO - Created Permission View: can edit on DAG:FPL_raw_players
[2025-03-15T09:34:16.711+0000] {logging_mixin.py:190} INFO - [2025-03-15T09:34:16.710+0000] {override.py:1912} INFO - Created Permission View: can delete on DAG:FPL_raw_players
[2025-03-15T09:34:16.728+0000] {logging_mixin.py:190} INFO - [2025-03-15T09:34:16.727+0000] {override.py:1912} INFO - Created Permission View: menu access on DAG Run:FPL_raw_players
[2025-03-15T09:34:16.742+0000] {logging_mixin.py:190} INFO - [2025-03-15T09:34:16.742+0000] {override.py:1912} INFO - Created Permission View: can read on DAG Run:FPL_raw_players
[2025-03-15T09:34:16.756+0000] {logging_mixin.py:190} INFO - [2025-03-15T09:34:16.755+0000] {override.py:1912} INFO - Created Permission View: can create on DAG Run:FPL_raw_players
[2025-03-15T09:34:16.770+0000] {logging_mixin.py:190} INFO - [2025-03-15T09:34:16.769+0000] {override.py:1912} INFO - Created Permission View: can delete on DAG Run:FPL_raw_players
[2025-03-15T09:34:16.772+0000] {logging_mixin.py:190} INFO - [2025-03-15T09:34:16.771+0000] {dag.py:3239} INFO - Sync 1 DAGs
[2025-03-15T09:34:16.797+0000] {logging_mixin.py:190} INFO - [2025-03-15T09:34:16.796+0000] {dag.py:3262} INFO - Creating ORM DAG for FPL_raw_players
[2025-03-15T09:34:16.818+0000] {logging_mixin.py:190} INFO - [2025-03-15T09:34:16.818+0000] {dag.py:4180} INFO - Setting next_dagrun for FPL_raw_players to 2025-03-14 00:05:00+00:00, run_after=2025-03-15 00:05:00+00:00
[2025-03-15T09:34:16.865+0000] {processor.py:208} INFO - Processing /opt/airflow/dags/01_Bronze/02_FPL_raw_players.py took 4.616 seconds
[2025-03-15T09:34:47.090+0000] {processor.py:186} INFO - Started process (PID=91) to work on /opt/airflow/dags/01_Bronze/02_FPL_raw_players.py
[2025-03-15T09:34:47.094+0000] {processor.py:914} INFO - Processing file /opt/airflow/dags/01_Bronze/02_FPL_raw_players.py for tasks to queue
[2025-03-15T09:34:47.104+0000] {logging_mixin.py:190} INFO - [2025-03-15T09:34:47.104+0000] {dagbag.py:588} INFO - Filling up the DagBag from /opt/airflow/dags/01_Bronze/02_FPL_raw_players.py
[2025-03-15T09:34:48.698+0000] {processor.py:925} INFO - DAG(s) 'FPL_raw_players' retrieved from /opt/airflow/dags/01_Bronze/02_FPL_raw_players.py
[2025-03-15T09:34:48.736+0000] {logging_mixin.py:190} INFO - [2025-03-15T09:34:48.736+0000] {dag.py:3239} INFO - Sync 1 DAGs
[2025-03-15T09:34:48.776+0000] {logging_mixin.py:190} INFO - [2025-03-15T09:34:48.775+0000] {dag.py:4180} INFO - Setting next_dagrun for FPL_raw_players to 2025-03-14 00:05:00+00:00, run_after=2025-03-15 00:05:00+00:00
[2025-03-15T09:34:48.819+0000] {processor.py:208} INFO - Processing /opt/airflow/dags/01_Bronze/02_FPL_raw_players.py took 1.751 seconds
[2025-03-15T09:35:19.199+0000] {processor.py:186} INFO - Started process (PID=106) to work on /opt/airflow/dags/01_Bronze/02_FPL_raw_players.py
[2025-03-15T09:35:19.204+0000] {processor.py:914} INFO - Processing file /opt/airflow/dags/01_Bronze/02_FPL_raw_players.py for tasks to queue
[2025-03-15T09:35:19.213+0000] {logging_mixin.py:190} INFO - [2025-03-15T09:35:19.212+0000] {dagbag.py:588} INFO - Filling up the DagBag from /opt/airflow/dags/01_Bronze/02_FPL_raw_players.py
[2025-03-15T09:35:21.273+0000] {processor.py:925} INFO - DAG(s) 'FPL_raw_players' retrieved from /opt/airflow/dags/01_Bronze/02_FPL_raw_players.py
[2025-03-15T09:35:21.371+0000] {logging_mixin.py:190} INFO - [2025-03-15T09:35:21.370+0000] {dag.py:3239} INFO - Sync 1 DAGs
[2025-03-15T09:35:21.565+0000] {logging_mixin.py:190} INFO - [2025-03-15T09:35:21.564+0000] {dag.py:4180} INFO - Setting next_dagrun for FPL_raw_players to 2025-03-14 00:05:00+00:00, run_after=2025-03-15 00:05:00+00:00
[2025-03-15T09:35:21.751+0000] {processor.py:208} INFO - Processing /opt/airflow/dags/01_Bronze/02_FPL_raw_players.py took 2.595 seconds
[2025-03-15T09:35:51.977+0000] {processor.py:186} INFO - Started process (PID=121) to work on /opt/airflow/dags/01_Bronze/02_FPL_raw_players.py
[2025-03-15T09:35:51.979+0000] {processor.py:914} INFO - Processing file /opt/airflow/dags/01_Bronze/02_FPL_raw_players.py for tasks to queue
[2025-03-15T09:35:51.984+0000] {logging_mixin.py:190} INFO - [2025-03-15T09:35:51.983+0000] {dagbag.py:588} INFO - Filling up the DagBag from /opt/airflow/dags/01_Bronze/02_FPL_raw_players.py
[2025-03-15T09:35:53.182+0000] {processor.py:925} INFO - DAG(s) 'FPL_raw_players' retrieved from /opt/airflow/dags/01_Bronze/02_FPL_raw_players.py
[2025-03-15T09:35:53.222+0000] {logging_mixin.py:190} INFO - [2025-03-15T09:35:53.221+0000] {dag.py:3239} INFO - Sync 1 DAGs
[2025-03-15T09:35:53.262+0000] {logging_mixin.py:190} INFO - [2025-03-15T09:35:53.262+0000] {dag.py:4180} INFO - Setting next_dagrun for FPL_raw_players to 2025-03-14 00:05:00+00:00, run_after=2025-03-15 00:05:00+00:00
[2025-03-15T09:35:53.305+0000] {processor.py:208} INFO - Processing /opt/airflow/dags/01_Bronze/02_FPL_raw_players.py took 1.337 seconds
[2025-03-15T09:36:23.942+0000] {processor.py:186} INFO - Started process (PID=136) to work on /opt/airflow/dags/01_Bronze/02_FPL_raw_players.py
[2025-03-15T09:36:23.944+0000] {processor.py:914} INFO - Processing file /opt/airflow/dags/01_Bronze/02_FPL_raw_players.py for tasks to queue
[2025-03-15T09:36:23.949+0000] {logging_mixin.py:190} INFO - [2025-03-15T09:36:23.948+0000] {dagbag.py:588} INFO - Filling up the DagBag from /opt/airflow/dags/01_Bronze/02_FPL_raw_players.py
[2025-03-15T09:36:24.434+0000] {processor.py:925} INFO - DAG(s) 'FPL_raw_players' retrieved from /opt/airflow/dags/01_Bronze/02_FPL_raw_players.py
[2025-03-15T09:36:24.469+0000] {logging_mixin.py:190} INFO - [2025-03-15T09:36:24.468+0000] {dag.py:3239} INFO - Sync 1 DAGs
[2025-03-15T09:36:24.512+0000] {logging_mixin.py:190} INFO - [2025-03-15T09:36:24.512+0000] {dag.py:4180} INFO - Setting next_dagrun for FPL_raw_players to 2025-03-14 00:05:00+00:00, run_after=2025-03-15 00:05:00+00:00
[2025-03-15T09:36:24.539+0000] {processor.py:208} INFO - Processing /opt/airflow/dags/01_Bronze/02_FPL_raw_players.py took 0.607 seconds
[2025-03-15T09:36:55.509+0000] {processor.py:186} INFO - Started process (PID=151) to work on /opt/airflow/dags/01_Bronze/02_FPL_raw_players.py
[2025-03-15T09:36:55.510+0000] {processor.py:914} INFO - Processing file /opt/airflow/dags/01_Bronze/02_FPL_raw_players.py for tasks to queue
[2025-03-15T09:36:55.513+0000] {logging_mixin.py:190} INFO - [2025-03-15T09:36:55.513+0000] {dagbag.py:588} INFO - Filling up the DagBag from /opt/airflow/dags/01_Bronze/02_FPL_raw_players.py
[2025-03-15T09:36:56.081+0000] {processor.py:925} INFO - DAG(s) 'FPL_raw_players' retrieved from /opt/airflow/dags/01_Bronze/02_FPL_raw_players.py
[2025-03-15T09:36:56.124+0000] {logging_mixin.py:190} INFO - [2025-03-15T09:36:56.123+0000] {dag.py:3239} INFO - Sync 1 DAGs
[2025-03-15T09:36:56.169+0000] {logging_mixin.py:190} INFO - [2025-03-15T09:36:56.169+0000] {dag.py:4180} INFO - Setting next_dagrun for FPL_raw_players to 2025-03-14 00:05:00+00:00, run_after=2025-03-15 00:05:00+00:00
[2025-03-15T09:36:56.204+0000] {processor.py:208} INFO - Processing /opt/airflow/dags/01_Bronze/02_FPL_raw_players.py took 0.704 seconds
[2025-03-15T09:37:26.344+0000] {processor.py:186} INFO - Started process (PID=166) to work on /opt/airflow/dags/01_Bronze/02_FPL_raw_players.py
[2025-03-15T09:37:26.346+0000] {processor.py:914} INFO - Processing file /opt/airflow/dags/01_Bronze/02_FPL_raw_players.py for tasks to queue
[2025-03-15T09:37:26.353+0000] {logging_mixin.py:190} INFO - [2025-03-15T09:37:26.352+0000] {dagbag.py:588} INFO - Filling up the DagBag from /opt/airflow/dags/01_Bronze/02_FPL_raw_players.py
[2025-03-15T09:37:26.872+0000] {processor.py:925} INFO - DAG(s) 'FPL_raw_players' retrieved from /opt/airflow/dags/01_Bronze/02_FPL_raw_players.py
[2025-03-15T09:37:26.960+0000] {logging_mixin.py:190} INFO - [2025-03-15T09:37:26.959+0000] {dag.py:3239} INFO - Sync 1 DAGs
[2025-03-15T09:37:26.999+0000] {logging_mixin.py:190} INFO - [2025-03-15T09:37:26.999+0000] {dag.py:4180} INFO - Setting next_dagrun for FPL_raw_players to 2025-03-14 00:05:00+00:00, run_after=2025-03-15 00:05:00+00:00
[2025-03-15T09:37:27.032+0000] {processor.py:208} INFO - Processing /opt/airflow/dags/01_Bronze/02_FPL_raw_players.py took 0.702 seconds
[2025-03-15T09:37:58.042+0000] {processor.py:186} INFO - Started process (PID=181) to work on /opt/airflow/dags/01_Bronze/02_FPL_raw_players.py
[2025-03-15T09:37:58.044+0000] {processor.py:914} INFO - Processing file /opt/airflow/dags/01_Bronze/02_FPL_raw_players.py for tasks to queue
[2025-03-15T09:37:58.057+0000] {logging_mixin.py:190} INFO - [2025-03-15T09:37:58.056+0000] {dagbag.py:588} INFO - Filling up the DagBag from /opt/airflow/dags/01_Bronze/02_FPL_raw_players.py
[2025-03-15T09:37:58.820+0000] {processor.py:925} INFO - DAG(s) 'FPL_raw_players' retrieved from /opt/airflow/dags/01_Bronze/02_FPL_raw_players.py
[2025-03-15T09:37:58.880+0000] {logging_mixin.py:190} INFO - [2025-03-15T09:37:58.879+0000] {dag.py:3239} INFO - Sync 1 DAGs
[2025-03-15T09:37:58.938+0000] {logging_mixin.py:190} INFO - [2025-03-15T09:37:58.938+0000] {dag.py:4180} INFO - Setting next_dagrun for FPL_raw_players to 2025-03-14 00:05:00+00:00, run_after=2025-03-15 00:05:00+00:00
[2025-03-15T09:37:58.995+0000] {processor.py:208} INFO - Processing /opt/airflow/dags/01_Bronze/02_FPL_raw_players.py took 0.971 seconds
[2025-03-15T09:38:29.561+0000] {processor.py:186} INFO - Started process (PID=197) to work on /opt/airflow/dags/01_Bronze/02_FPL_raw_players.py
[2025-03-15T09:38:29.565+0000] {processor.py:914} INFO - Processing file /opt/airflow/dags/01_Bronze/02_FPL_raw_players.py for tasks to queue
[2025-03-15T09:38:29.583+0000] {logging_mixin.py:190} INFO - [2025-03-15T09:38:29.571+0000] {dagbag.py:588} INFO - Filling up the DagBag from /opt/airflow/dags/01_Bronze/02_FPL_raw_players.py
[2025-03-15T09:38:31.754+0000] {processor.py:925} INFO - DAG(s) 'FPL_raw_players' retrieved from /opt/airflow/dags/01_Bronze/02_FPL_raw_players.py
[2025-03-15T09:38:31.873+0000] {logging_mixin.py:190} INFO - [2025-03-15T09:38:31.871+0000] {dag.py:3239} INFO - Sync 1 DAGs
[2025-03-15T09:38:31.989+0000] {logging_mixin.py:190} INFO - [2025-03-15T09:38:31.988+0000] {dag.py:4180} INFO - Setting next_dagrun for FPL_raw_players to 2025-03-14 00:05:00+00:00, run_after=2025-03-15 00:05:00+00:00
[2025-03-15T09:38:32.053+0000] {processor.py:208} INFO - Processing /opt/airflow/dags/01_Bronze/02_FPL_raw_players.py took 2.511 seconds
[2025-03-15T09:39:02.807+0000] {processor.py:186} INFO - Started process (PID=212) to work on /opt/airflow/dags/01_Bronze/02_FPL_raw_players.py
[2025-03-15T09:39:02.823+0000] {processor.py:914} INFO - Processing file /opt/airflow/dags/01_Bronze/02_FPL_raw_players.py for tasks to queue
[2025-03-15T09:39:02.853+0000] {logging_mixin.py:190} INFO - [2025-03-15T09:39:02.847+0000] {dagbag.py:588} INFO - Filling up the DagBag from /opt/airflow/dags/01_Bronze/02_FPL_raw_players.py
[2025-03-15T09:39:07.796+0000] {processor.py:925} INFO - DAG(s) 'FPL_raw_players' retrieved from /opt/airflow/dags/01_Bronze/02_FPL_raw_players.py
[2025-03-15T09:39:07.954+0000] {logging_mixin.py:190} INFO - [2025-03-15T09:39:07.953+0000] {dag.py:3239} INFO - Sync 1 DAGs
[2025-03-15T09:39:08.123+0000] {logging_mixin.py:190} INFO - [2025-03-15T09:39:08.122+0000] {dag.py:4180} INFO - Setting next_dagrun for FPL_raw_players to 2025-03-14 00:05:00+00:00, run_after=2025-03-15 00:05:00+00:00
[2025-03-15T09:39:08.293+0000] {processor.py:208} INFO - Processing /opt/airflow/dags/01_Bronze/02_FPL_raw_players.py took 5.535 seconds
[2025-03-15T09:39:38.794+0000] {processor.py:186} INFO - Started process (PID=235) to work on /opt/airflow/dags/01_Bronze/02_FPL_raw_players.py
[2025-03-15T09:39:38.797+0000] {processor.py:914} INFO - Processing file /opt/airflow/dags/01_Bronze/02_FPL_raw_players.py for tasks to queue
[2025-03-15T09:39:38.801+0000] {logging_mixin.py:190} INFO - [2025-03-15T09:39:38.800+0000] {dagbag.py:588} INFO - Filling up the DagBag from /opt/airflow/dags/01_Bronze/02_FPL_raw_players.py
[2025-03-15T09:39:39.458+0000] {processor.py:925} INFO - DAG(s) 'FPL_raw_players' retrieved from /opt/airflow/dags/01_Bronze/02_FPL_raw_players.py
[2025-03-15T09:39:39.504+0000] {logging_mixin.py:190} INFO - [2025-03-15T09:39:39.504+0000] {dag.py:3239} INFO - Sync 1 DAGs
[2025-03-15T09:39:39.553+0000] {logging_mixin.py:190} INFO - [2025-03-15T09:39:39.552+0000] {dag.py:4180} INFO - Setting next_dagrun for FPL_raw_players to 2025-03-14 00:05:00+00:00, run_after=2025-03-15 00:05:00+00:00
[2025-03-15T09:39:39.592+0000] {processor.py:208} INFO - Processing /opt/airflow/dags/01_Bronze/02_FPL_raw_players.py took 0.809 seconds
[2025-03-15T09:40:09.722+0000] {processor.py:186} INFO - Started process (PID=250) to work on /opt/airflow/dags/01_Bronze/02_FPL_raw_players.py
[2025-03-15T09:40:09.723+0000] {processor.py:914} INFO - Processing file /opt/airflow/dags/01_Bronze/02_FPL_raw_players.py for tasks to queue
[2025-03-15T09:40:09.726+0000] {logging_mixin.py:190} INFO - [2025-03-15T09:40:09.726+0000] {dagbag.py:588} INFO - Filling up the DagBag from /opt/airflow/dags/01_Bronze/02_FPL_raw_players.py
[2025-03-15T09:40:10.192+0000] {processor.py:925} INFO - DAG(s) 'FPL_raw_players' retrieved from /opt/airflow/dags/01_Bronze/02_FPL_raw_players.py
[2025-03-15T09:40:10.220+0000] {logging_mixin.py:190} INFO - [2025-03-15T09:40:10.220+0000] {dag.py:3239} INFO - Sync 1 DAGs
[2025-03-15T09:40:10.249+0000] {logging_mixin.py:190} INFO - [2025-03-15T09:40:10.248+0000] {dag.py:4180} INFO - Setting next_dagrun for FPL_raw_players to 2025-03-14 00:05:00+00:00, run_after=2025-03-15 00:05:00+00:00
[2025-03-15T09:40:10.277+0000] {processor.py:208} INFO - Processing /opt/airflow/dags/01_Bronze/02_FPL_raw_players.py took 0.562 seconds
[2025-03-15T09:40:40.645+0000] {processor.py:186} INFO - Started process (PID=265) to work on /opt/airflow/dags/01_Bronze/02_FPL_raw_players.py
[2025-03-15T09:40:40.649+0000] {processor.py:914} INFO - Processing file /opt/airflow/dags/01_Bronze/02_FPL_raw_players.py for tasks to queue
[2025-03-15T09:40:40.656+0000] {logging_mixin.py:190} INFO - [2025-03-15T09:40:40.655+0000] {dagbag.py:588} INFO - Filling up the DagBag from /opt/airflow/dags/01_Bronze/02_FPL_raw_players.py
[2025-03-15T09:40:41.485+0000] {processor.py:925} INFO - DAG(s) 'FPL_raw_players' retrieved from /opt/airflow/dags/01_Bronze/02_FPL_raw_players.py
[2025-03-15T09:40:41.525+0000] {logging_mixin.py:190} INFO - [2025-03-15T09:40:41.524+0000] {dag.py:3239} INFO - Sync 1 DAGs
[2025-03-15T09:40:41.578+0000] {logging_mixin.py:190} INFO - [2025-03-15T09:40:41.578+0000] {dag.py:4180} INFO - Setting next_dagrun for FPL_raw_players to 2025-03-14 00:05:00+00:00, run_after=2025-03-15 00:05:00+00:00
[2025-03-15T09:40:41.633+0000] {processor.py:208} INFO - Processing /opt/airflow/dags/01_Bronze/02_FPL_raw_players.py took 1.008 seconds
[2025-03-15T09:41:12.174+0000] {processor.py:186} INFO - Started process (PID=280) to work on /opt/airflow/dags/01_Bronze/02_FPL_raw_players.py
[2025-03-15T09:41:12.175+0000] {processor.py:914} INFO - Processing file /opt/airflow/dags/01_Bronze/02_FPL_raw_players.py for tasks to queue
[2025-03-15T09:41:12.179+0000] {logging_mixin.py:190} INFO - [2025-03-15T09:41:12.178+0000] {dagbag.py:588} INFO - Filling up the DagBag from /opt/airflow/dags/01_Bronze/02_FPL_raw_players.py
[2025-03-15T09:41:12.649+0000] {processor.py:925} INFO - DAG(s) 'FPL_raw_players' retrieved from /opt/airflow/dags/01_Bronze/02_FPL_raw_players.py
[2025-03-15T09:41:12.679+0000] {logging_mixin.py:190} INFO - [2025-03-15T09:41:12.679+0000] {dag.py:3239} INFO - Sync 1 DAGs
[2025-03-15T09:41:12.714+0000] {logging_mixin.py:190} INFO - [2025-03-15T09:41:12.714+0000] {dag.py:4180} INFO - Setting next_dagrun for FPL_raw_players to 2025-03-14 00:05:00+00:00, run_after=2025-03-15 00:05:00+00:00
[2025-03-15T09:41:12.744+0000] {processor.py:208} INFO - Processing /opt/airflow/dags/01_Bronze/02_FPL_raw_players.py took 0.583 seconds
[2025-03-15T09:41:43.084+0000] {processor.py:186} INFO - Started process (PID=295) to work on /opt/airflow/dags/01_Bronze/02_FPL_raw_players.py
[2025-03-15T09:41:43.087+0000] {processor.py:914} INFO - Processing file /opt/airflow/dags/01_Bronze/02_FPL_raw_players.py for tasks to queue
[2025-03-15T09:41:43.094+0000] {logging_mixin.py:190} INFO - [2025-03-15T09:41:43.093+0000] {dagbag.py:588} INFO - Filling up the DagBag from /opt/airflow/dags/01_Bronze/02_FPL_raw_players.py
[2025-03-15T09:41:43.845+0000] {processor.py:925} INFO - DAG(s) 'FPL_raw_players' retrieved from /opt/airflow/dags/01_Bronze/02_FPL_raw_players.py
[2025-03-15T09:41:43.883+0000] {logging_mixin.py:190} INFO - [2025-03-15T09:41:43.882+0000] {dag.py:3239} INFO - Sync 1 DAGs
[2025-03-15T09:41:43.939+0000] {logging_mixin.py:190} INFO - [2025-03-15T09:41:43.939+0000] {dag.py:4180} INFO - Setting next_dagrun for FPL_raw_players to 2025-03-14 00:05:00+00:00, run_after=2025-03-15 00:05:00+00:00
[2025-03-15T09:41:44.003+0000] {processor.py:208} INFO - Processing /opt/airflow/dags/01_Bronze/02_FPL_raw_players.py took 0.935 seconds
[2025-03-15T09:42:14.244+0000] {processor.py:186} INFO - Started process (PID=308) to work on /opt/airflow/dags/01_Bronze/02_FPL_raw_players.py
[2025-03-15T09:42:14.246+0000] {processor.py:914} INFO - Processing file /opt/airflow/dags/01_Bronze/02_FPL_raw_players.py for tasks to queue
[2025-03-15T09:42:14.250+0000] {logging_mixin.py:190} INFO - [2025-03-15T09:42:14.249+0000] {dagbag.py:588} INFO - Filling up the DagBag from /opt/airflow/dags/01_Bronze/02_FPL_raw_players.py
[2025-03-15T09:42:14.825+0000] {processor.py:925} INFO - DAG(s) 'FPL_raw_players' retrieved from /opt/airflow/dags/01_Bronze/02_FPL_raw_players.py
[2025-03-15T09:42:14.877+0000] {logging_mixin.py:190} INFO - [2025-03-15T09:42:14.876+0000] {dag.py:3239} INFO - Sync 1 DAGs
[2025-03-15T09:42:14.934+0000] {logging_mixin.py:190} INFO - [2025-03-15T09:42:14.933+0000] {dag.py:4180} INFO - Setting next_dagrun for FPL_raw_players to 2025-03-14 00:05:00+00:00, run_after=2025-03-15 00:05:00+00:00
[2025-03-15T09:42:14.970+0000] {processor.py:208} INFO - Processing /opt/airflow/dags/01_Bronze/02_FPL_raw_players.py took 0.733 seconds
[2025-03-15T09:42:45.549+0000] {processor.py:186} INFO - Started process (PID=323) to work on /opt/airflow/dags/01_Bronze/02_FPL_raw_players.py
[2025-03-15T09:42:45.553+0000] {processor.py:914} INFO - Processing file /opt/airflow/dags/01_Bronze/02_FPL_raw_players.py for tasks to queue
[2025-03-15T09:42:45.558+0000] {logging_mixin.py:190} INFO - [2025-03-15T09:42:45.558+0000] {dagbag.py:588} INFO - Filling up the DagBag from /opt/airflow/dags/01_Bronze/02_FPL_raw_players.py
[2025-03-15T09:42:46.022+0000] {processor.py:925} INFO - DAG(s) 'FPL_raw_players' retrieved from /opt/airflow/dags/01_Bronze/02_FPL_raw_players.py
[2025-03-15T09:42:46.052+0000] {logging_mixin.py:190} INFO - [2025-03-15T09:42:46.052+0000] {dag.py:3239} INFO - Sync 1 DAGs
[2025-03-15T09:42:46.083+0000] {logging_mixin.py:190} INFO - [2025-03-15T09:42:46.083+0000] {dag.py:4180} INFO - Setting next_dagrun for FPL_raw_players to 2025-03-14 00:05:00+00:00, run_after=2025-03-15 00:05:00+00:00
[2025-03-15T09:42:46.119+0000] {processor.py:208} INFO - Processing /opt/airflow/dags/01_Bronze/02_FPL_raw_players.py took 0.583 seconds
[2025-03-15T09:43:16.820+0000] {processor.py:186} INFO - Started process (PID=338) to work on /opt/airflow/dags/01_Bronze/02_FPL_raw_players.py
[2025-03-15T09:43:16.822+0000] {processor.py:914} INFO - Processing file /opt/airflow/dags/01_Bronze/02_FPL_raw_players.py for tasks to queue
[2025-03-15T09:43:16.828+0000] {logging_mixin.py:190} INFO - [2025-03-15T09:43:16.827+0000] {dagbag.py:588} INFO - Filling up the DagBag from /opt/airflow/dags/01_Bronze/02_FPL_raw_players.py
[2025-03-15T09:43:17.517+0000] {processor.py:925} INFO - DAG(s) 'FPL_raw_players' retrieved from /opt/airflow/dags/01_Bronze/02_FPL_raw_players.py
[2025-03-15T09:43:17.569+0000] {logging_mixin.py:190} INFO - [2025-03-15T09:43:17.568+0000] {dag.py:3239} INFO - Sync 1 DAGs
[2025-03-15T09:43:17.630+0000] {logging_mixin.py:190} INFO - [2025-03-15T09:43:17.629+0000] {dag.py:4180} INFO - Setting next_dagrun for FPL_raw_players to 2025-03-14 00:05:00+00:00, run_after=2025-03-15 00:05:00+00:00
[2025-03-15T09:43:17.678+0000] {processor.py:208} INFO - Processing /opt/airflow/dags/01_Bronze/02_FPL_raw_players.py took 0.870 seconds
[2025-03-15T09:43:48.688+0000] {processor.py:186} INFO - Started process (PID=355) to work on /opt/airflow/dags/01_Bronze/02_FPL_raw_players.py
[2025-03-15T09:43:48.690+0000] {processor.py:914} INFO - Processing file /opt/airflow/dags/01_Bronze/02_FPL_raw_players.py for tasks to queue
[2025-03-15T09:43:48.697+0000] {logging_mixin.py:190} INFO - [2025-03-15T09:43:48.696+0000] {dagbag.py:588} INFO - Filling up the DagBag from /opt/airflow/dags/01_Bronze/02_FPL_raw_players.py
[2025-03-15T09:43:49.319+0000] {processor.py:925} INFO - DAG(s) 'FPL_raw_players' retrieved from /opt/airflow/dags/01_Bronze/02_FPL_raw_players.py
[2025-03-15T09:43:49.367+0000] {logging_mixin.py:190} INFO - [2025-03-15T09:43:49.367+0000] {dag.py:3239} INFO - Sync 1 DAGs
[2025-03-15T09:43:49.404+0000] {logging_mixin.py:190} INFO - [2025-03-15T09:43:49.404+0000] {dag.py:4180} INFO - Setting next_dagrun for FPL_raw_players to 2025-03-14 00:05:00+00:00, run_after=2025-03-15 00:05:00+00:00
[2025-03-15T09:43:49.439+0000] {processor.py:208} INFO - Processing /opt/airflow/dags/01_Bronze/02_FPL_raw_players.py took 0.772 seconds
