[2025-03-15T09:34:16.970+0000] {processor.py:186} INFO - Started process (PID=80) to work on /opt/airflow/dags/01_Bronze/03_FPL_raw_game_week.py
[2025-03-15T09:34:16.972+0000] {processor.py:914} INFO - Processing file /opt/airflow/dags/01_Bronze/03_FPL_raw_game_week.py for tasks to queue
[2025-03-15T09:34:16.979+0000] {logging_mixin.py:190} INFO - [2025-03-15T09:34:16.978+0000] {dagbag.py:588} INFO - Filling up the DagBag from /opt/airflow/dags/01_Bronze/03_FPL_raw_game_week.py
[2025-03-15T09:34:18.154+0000] {processor.py:925} INFO - DAG(s) 'FPL_raw_games' retrieved from /opt/airflow/dags/01_Bronze/03_FPL_raw_game_week.py
[2025-03-15T09:34:18.412+0000] {logging_mixin.py:190} INFO - [2025-03-15T09:34:18.411+0000] {override.py:1912} INFO - Created Permission View: can read on DAG:FPL_raw_games
[2025-03-15T09:34:18.440+0000] {logging_mixin.py:190} INFO - [2025-03-15T09:34:18.439+0000] {override.py:1912} INFO - Created Permission View: can edit on DAG:FPL_raw_games
[2025-03-15T09:34:18.455+0000] {logging_mixin.py:190} INFO - [2025-03-15T09:34:18.455+0000] {override.py:1912} INFO - Created Permission View: can delete on DAG:FPL_raw_games
[2025-03-15T09:34:18.473+0000] {logging_mixin.py:190} INFO - [2025-03-15T09:34:18.473+0000] {override.py:1912} INFO - Created Permission View: menu access on DAG Run:FPL_raw_games
[2025-03-15T09:34:18.492+0000] {logging_mixin.py:190} INFO - [2025-03-15T09:34:18.492+0000] {override.py:1912} INFO - Created Permission View: can read on DAG Run:FPL_raw_games
[2025-03-15T09:34:18.511+0000] {logging_mixin.py:190} INFO - [2025-03-15T09:34:18.510+0000] {override.py:1912} INFO - Created Permission View: can create on DAG Run:FPL_raw_games
[2025-03-15T09:34:18.527+0000] {logging_mixin.py:190} INFO - [2025-03-15T09:34:18.526+0000] {override.py:1912} INFO - Created Permission View: can delete on DAG Run:FPL_raw_games
[2025-03-15T09:34:18.529+0000] {logging_mixin.py:190} INFO - [2025-03-15T09:34:18.528+0000] {dag.py:3239} INFO - Sync 1 DAGs
[2025-03-15T09:34:18.552+0000] {logging_mixin.py:190} INFO - [2025-03-15T09:34:18.551+0000] {dag.py:3262} INFO - Creating ORM DAG for FPL_raw_games
[2025-03-15T09:34:18.577+0000] {logging_mixin.py:190} INFO - [2025-03-15T09:34:18.576+0000] {dag.py:4180} INFO - Setting next_dagrun for FPL_raw_games to 2025-03-14 00:05:00+00:00, run_after=2025-03-15 00:05:00+00:00
[2025-03-15T09:34:18.633+0000] {processor.py:208} INFO - Processing /opt/airflow/dags/01_Bronze/03_FPL_raw_game_week.py took 1.681 seconds
[2025-03-15T09:34:48.939+0000] {processor.py:186} INFO - Started process (PID=96) to work on /opt/airflow/dags/01_Bronze/03_FPL_raw_game_week.py
[2025-03-15T09:34:48.941+0000] {processor.py:914} INFO - Processing file /opt/airflow/dags/01_Bronze/03_FPL_raw_game_week.py for tasks to queue
[2025-03-15T09:34:48.947+0000] {logging_mixin.py:190} INFO - [2025-03-15T09:34:48.946+0000] {dagbag.py:588} INFO - Filling up the DagBag from /opt/airflow/dags/01_Bronze/03_FPL_raw_game_week.py
[2025-03-15T09:34:50.124+0000] {processor.py:925} INFO - DAG(s) 'FPL_raw_games' retrieved from /opt/airflow/dags/01_Bronze/03_FPL_raw_game_week.py
[2025-03-15T09:34:50.158+0000] {logging_mixin.py:190} INFO - [2025-03-15T09:34:50.157+0000] {dag.py:3239} INFO - Sync 1 DAGs
[2025-03-15T09:34:50.217+0000] {logging_mixin.py:190} INFO - [2025-03-15T09:34:50.216+0000] {dag.py:4180} INFO - Setting next_dagrun for FPL_raw_games to 2025-03-14 00:05:00+00:00, run_after=2025-03-15 00:05:00+00:00
[2025-03-15T09:34:50.262+0000] {processor.py:208} INFO - Processing /opt/airflow/dags/01_Bronze/03_FPL_raw_game_week.py took 1.337 seconds
[2025-03-15T09:35:22.339+0000] {processor.py:186} INFO - Started process (PID=111) to work on /opt/airflow/dags/01_Bronze/03_FPL_raw_game_week.py
[2025-03-15T09:35:22.342+0000] {processor.py:914} INFO - Processing file /opt/airflow/dags/01_Bronze/03_FPL_raw_game_week.py for tasks to queue
[2025-03-15T09:35:22.347+0000] {logging_mixin.py:190} INFO - [2025-03-15T09:35:22.347+0000] {dagbag.py:588} INFO - Filling up the DagBag from /opt/airflow/dags/01_Bronze/03_FPL_raw_game_week.py
[2025-03-15T09:35:23.727+0000] {processor.py:925} INFO - DAG(s) 'FPL_raw_games' retrieved from /opt/airflow/dags/01_Bronze/03_FPL_raw_game_week.py
[2025-03-15T09:35:23.774+0000] {logging_mixin.py:190} INFO - [2025-03-15T09:35:23.773+0000] {dag.py:3239} INFO - Sync 1 DAGs
[2025-03-15T09:35:23.885+0000] {logging_mixin.py:190} INFO - [2025-03-15T09:35:23.884+0000] {dag.py:4180} INFO - Setting next_dagrun for FPL_raw_games to 2025-03-14 00:05:00+00:00, run_after=2025-03-15 00:05:00+00:00
[2025-03-15T09:35:23.949+0000] {processor.py:208} INFO - Processing /opt/airflow/dags/01_Bronze/03_FPL_raw_game_week.py took 1.633 seconds
[2025-03-15T09:35:54.476+0000] {processor.py:186} INFO - Started process (PID=126) to work on /opt/airflow/dags/01_Bronze/03_FPL_raw_game_week.py
[2025-03-15T09:35:54.484+0000] {processor.py:914} INFO - Processing file /opt/airflow/dags/01_Bronze/03_FPL_raw_game_week.py for tasks to queue
[2025-03-15T09:35:54.489+0000] {logging_mixin.py:190} INFO - [2025-03-15T09:35:54.488+0000] {dagbag.py:588} INFO - Filling up the DagBag from /opt/airflow/dags/01_Bronze/03_FPL_raw_game_week.py
[2025-03-15T09:35:55.826+0000] {processor.py:925} INFO - DAG(s) 'FPL_raw_games' retrieved from /opt/airflow/dags/01_Bronze/03_FPL_raw_game_week.py
[2025-03-15T09:35:55.871+0000] {logging_mixin.py:190} INFO - [2025-03-15T09:35:55.870+0000] {dag.py:3239} INFO - Sync 1 DAGs
[2025-03-15T09:35:55.910+0000] {logging_mixin.py:190} INFO - [2025-03-15T09:35:55.910+0000] {dag.py:4180} INFO - Setting next_dagrun for FPL_raw_games to 2025-03-14 00:05:00+00:00, run_after=2025-03-15 00:05:00+00:00
[2025-03-15T09:35:55.950+0000] {processor.py:208} INFO - Processing /opt/airflow/dags/01_Bronze/03_FPL_raw_game_week.py took 1.493 seconds
[2025-03-15T09:36:26.670+0000] {processor.py:186} INFO - Started process (PID=141) to work on /opt/airflow/dags/01_Bronze/03_FPL_raw_game_week.py
[2025-03-15T09:36:26.671+0000] {processor.py:914} INFO - Processing file /opt/airflow/dags/01_Bronze/03_FPL_raw_game_week.py for tasks to queue
[2025-03-15T09:36:26.676+0000] {logging_mixin.py:190} INFO - [2025-03-15T09:36:26.675+0000] {dagbag.py:588} INFO - Filling up the DagBag from /opt/airflow/dags/01_Bronze/03_FPL_raw_game_week.py
[2025-03-15T09:36:27.525+0000] {processor.py:925} INFO - DAG(s) 'FPL_raw_games' retrieved from /opt/airflow/dags/01_Bronze/03_FPL_raw_game_week.py
[2025-03-15T09:36:27.604+0000] {logging_mixin.py:190} INFO - [2025-03-15T09:36:27.603+0000] {dag.py:3239} INFO - Sync 1 DAGs
[2025-03-15T09:36:27.721+0000] {logging_mixin.py:190} INFO - [2025-03-15T09:36:27.720+0000] {dag.py:4180} INFO - Setting next_dagrun for FPL_raw_games to 2025-03-14 00:05:00+00:00, run_after=2025-03-15 00:05:00+00:00
[2025-03-15T09:36:27.782+0000] {processor.py:208} INFO - Processing /opt/airflow/dags/01_Bronze/03_FPL_raw_game_week.py took 1.121 seconds
[2025-03-15T09:36:58.498+0000] {processor.py:186} INFO - Started process (PID=156) to work on /opt/airflow/dags/01_Bronze/03_FPL_raw_game_week.py
[2025-03-15T09:36:58.503+0000] {processor.py:914} INFO - Processing file /opt/airflow/dags/01_Bronze/03_FPL_raw_game_week.py for tasks to queue
[2025-03-15T09:36:58.511+0000] {logging_mixin.py:190} INFO - [2025-03-15T09:36:58.510+0000] {dagbag.py:588} INFO - Filling up the DagBag from /opt/airflow/dags/01_Bronze/03_FPL_raw_game_week.py
[2025-03-15T09:36:59.217+0000] {processor.py:925} INFO - DAG(s) 'FPL_raw_games' retrieved from /opt/airflow/dags/01_Bronze/03_FPL_raw_game_week.py
[2025-03-15T09:36:59.265+0000] {logging_mixin.py:190} INFO - [2025-03-15T09:36:59.264+0000] {dag.py:3239} INFO - Sync 1 DAGs
[2025-03-15T09:36:59.335+0000] {logging_mixin.py:190} INFO - [2025-03-15T09:36:59.333+0000] {dag.py:4180} INFO - Setting next_dagrun for FPL_raw_games to 2025-03-14 00:05:00+00:00, run_after=2025-03-15 00:05:00+00:00
[2025-03-15T09:36:59.432+0000] {processor.py:208} INFO - Processing /opt/airflow/dags/01_Bronze/03_FPL_raw_game_week.py took 0.956 seconds
[2025-03-15T09:37:30.270+0000] {processor.py:186} INFO - Started process (PID=171) to work on /opt/airflow/dags/01_Bronze/03_FPL_raw_game_week.py
[2025-03-15T09:37:30.272+0000] {processor.py:914} INFO - Processing file /opt/airflow/dags/01_Bronze/03_FPL_raw_game_week.py for tasks to queue
[2025-03-15T09:37:30.276+0000] {logging_mixin.py:190} INFO - [2025-03-15T09:37:30.276+0000] {dagbag.py:588} INFO - Filling up the DagBag from /opt/airflow/dags/01_Bronze/03_FPL_raw_game_week.py
[2025-03-15T09:37:30.999+0000] {processor.py:925} INFO - DAG(s) 'FPL_raw_games' retrieved from /opt/airflow/dags/01_Bronze/03_FPL_raw_game_week.py
[2025-03-15T09:37:31.059+0000] {logging_mixin.py:190} INFO - [2025-03-15T09:37:31.058+0000] {dag.py:3239} INFO - Sync 1 DAGs
[2025-03-15T09:37:31.129+0000] {logging_mixin.py:190} INFO - [2025-03-15T09:37:31.128+0000] {dag.py:4180} INFO - Setting next_dagrun for FPL_raw_games to 2025-03-14 00:05:00+00:00, run_after=2025-03-15 00:05:00+00:00
[2025-03-15T09:37:31.184+0000] {processor.py:208} INFO - Processing /opt/airflow/dags/01_Bronze/03_FPL_raw_game_week.py took 0.926 seconds
[2025-03-15T09:38:01.495+0000] {processor.py:186} INFO - Started process (PID=186) to work on /opt/airflow/dags/01_Bronze/03_FPL_raw_game_week.py
[2025-03-15T09:38:01.497+0000] {processor.py:914} INFO - Processing file /opt/airflow/dags/01_Bronze/03_FPL_raw_game_week.py for tasks to queue
[2025-03-15T09:38:01.503+0000] {logging_mixin.py:190} INFO - [2025-03-15T09:38:01.502+0000] {dagbag.py:588} INFO - Filling up the DagBag from /opt/airflow/dags/01_Bronze/03_FPL_raw_game_week.py
[2025-03-15T09:38:02.256+0000] {processor.py:925} INFO - DAG(s) 'FPL_raw_games' retrieved from /opt/airflow/dags/01_Bronze/03_FPL_raw_game_week.py
[2025-03-15T09:38:02.386+0000] {logging_mixin.py:190} INFO - [2025-03-15T09:38:02.380+0000] {dag.py:3239} INFO - Sync 1 DAGs
[2025-03-15T09:38:02.464+0000] {logging_mixin.py:190} INFO - [2025-03-15T09:38:02.464+0000] {dag.py:4180} INFO - Setting next_dagrun for FPL_raw_games to 2025-03-14 00:05:00+00:00, run_after=2025-03-15 00:05:00+00:00
[2025-03-15T09:38:02.505+0000] {processor.py:208} INFO - Processing /opt/airflow/dags/01_Bronze/03_FPL_raw_game_week.py took 1.022 seconds
[2025-03-15T09:38:32.884+0000] {processor.py:186} INFO - Started process (PID=201) to work on /opt/airflow/dags/01_Bronze/03_FPL_raw_game_week.py
[2025-03-15T09:38:32.886+0000] {processor.py:914} INFO - Processing file /opt/airflow/dags/01_Bronze/03_FPL_raw_game_week.py for tasks to queue
[2025-03-15T09:38:32.893+0000] {logging_mixin.py:190} INFO - [2025-03-15T09:38:32.892+0000] {dagbag.py:588} INFO - Filling up the DagBag from /opt/airflow/dags/01_Bronze/03_FPL_raw_game_week.py
[2025-03-15T09:38:34.457+0000] {processor.py:925} INFO - DAG(s) 'FPL_raw_games' retrieved from /opt/airflow/dags/01_Bronze/03_FPL_raw_game_week.py
[2025-03-15T09:38:34.543+0000] {logging_mixin.py:190} INFO - [2025-03-15T09:38:34.542+0000] {dag.py:3239} INFO - Sync 1 DAGs
[2025-03-15T09:38:34.595+0000] {logging_mixin.py:190} INFO - [2025-03-15T09:38:34.595+0000] {dag.py:4180} INFO - Setting next_dagrun for FPL_raw_games to 2025-03-14 00:05:00+00:00, run_after=2025-03-15 00:05:00+00:00
[2025-03-15T09:38:34.633+0000] {processor.py:208} INFO - Processing /opt/airflow/dags/01_Bronze/03_FPL_raw_game_week.py took 1.773 seconds
[2025-03-15T09:39:07.670+0000] {processor.py:186} INFO - Started process (PID=222) to work on /opt/airflow/dags/01_Bronze/03_FPL_raw_game_week.py
[2025-03-15T09:39:07.677+0000] {processor.py:914} INFO - Processing file /opt/airflow/dags/01_Bronze/03_FPL_raw_game_week.py for tasks to queue
[2025-03-15T09:39:07.688+0000] {logging_mixin.py:190} INFO - [2025-03-15T09:39:07.688+0000] {dagbag.py:588} INFO - Filling up the DagBag from /opt/airflow/dags/01_Bronze/03_FPL_raw_game_week.py
[2025-03-15T09:39:09.645+0000] {processor.py:925} INFO - DAG(s) 'FPL_raw_games' retrieved from /opt/airflow/dags/01_Bronze/03_FPL_raw_game_week.py
[2025-03-15T09:39:09.707+0000] {logging_mixin.py:190} INFO - [2025-03-15T09:39:09.706+0000] {dag.py:3239} INFO - Sync 1 DAGs
[2025-03-15T09:39:09.774+0000] {logging_mixin.py:190} INFO - [2025-03-15T09:39:09.774+0000] {dag.py:4180} INFO - Setting next_dagrun for FPL_raw_games to 2025-03-14 00:05:00+00:00, run_after=2025-03-15 00:05:00+00:00
[2025-03-15T09:39:09.825+0000] {processor.py:208} INFO - Processing /opt/airflow/dags/01_Bronze/03_FPL_raw_game_week.py took 2.179 seconds
[2025-03-15T09:39:40.001+0000] {processor.py:186} INFO - Started process (PID=237) to work on /opt/airflow/dags/01_Bronze/03_FPL_raw_game_week.py
[2025-03-15T09:39:40.003+0000] {processor.py:914} INFO - Processing file /opt/airflow/dags/01_Bronze/03_FPL_raw_game_week.py for tasks to queue
[2025-03-15T09:39:40.006+0000] {logging_mixin.py:190} INFO - [2025-03-15T09:39:40.006+0000] {dagbag.py:588} INFO - Filling up the DagBag from /opt/airflow/dags/01_Bronze/03_FPL_raw_game_week.py
[2025-03-15T09:39:40.560+0000] {processor.py:925} INFO - DAG(s) 'FPL_raw_games' retrieved from /opt/airflow/dags/01_Bronze/03_FPL_raw_game_week.py
[2025-03-15T09:39:40.604+0000] {logging_mixin.py:190} INFO - [2025-03-15T09:39:40.604+0000] {dag.py:3239} INFO - Sync 1 DAGs
[2025-03-15T09:39:40.652+0000] {logging_mixin.py:190} INFO - [2025-03-15T09:39:40.651+0000] {dag.py:4180} INFO - Setting next_dagrun for FPL_raw_games to 2025-03-14 00:05:00+00:00, run_after=2025-03-15 00:05:00+00:00
[2025-03-15T09:39:40.719+0000] {processor.py:208} INFO - Processing /opt/airflow/dags/01_Bronze/03_FPL_raw_game_week.py took 0.728 seconds
[2025-03-15T09:40:11.366+0000] {processor.py:186} INFO - Started process (PID=252) to work on /opt/airflow/dags/01_Bronze/03_FPL_raw_game_week.py
[2025-03-15T09:40:11.367+0000] {processor.py:914} INFO - Processing file /opt/airflow/dags/01_Bronze/03_FPL_raw_game_week.py for tasks to queue
[2025-03-15T09:40:11.370+0000] {logging_mixin.py:190} INFO - [2025-03-15T09:40:11.369+0000] {dagbag.py:588} INFO - Filling up the DagBag from /opt/airflow/dags/01_Bronze/03_FPL_raw_game_week.py
[2025-03-15T09:40:11.738+0000] {processor.py:925} INFO - DAG(s) 'FPL_raw_games' retrieved from /opt/airflow/dags/01_Bronze/03_FPL_raw_game_week.py
[2025-03-15T09:40:11.769+0000] {logging_mixin.py:190} INFO - [2025-03-15T09:40:11.768+0000] {dag.py:3239} INFO - Sync 1 DAGs
[2025-03-15T09:40:11.799+0000] {logging_mixin.py:190} INFO - [2025-03-15T09:40:11.798+0000] {dag.py:4180} INFO - Setting next_dagrun for FPL_raw_games to 2025-03-14 00:05:00+00:00, run_after=2025-03-15 00:05:00+00:00
[2025-03-15T09:40:11.825+0000] {processor.py:208} INFO - Processing /opt/airflow/dags/01_Bronze/03_FPL_raw_game_week.py took 0.466 seconds
[2025-03-15T09:40:42.722+0000] {processor.py:186} INFO - Started process (PID=267) to work on /opt/airflow/dags/01_Bronze/03_FPL_raw_game_week.py
[2025-03-15T09:40:42.723+0000] {processor.py:914} INFO - Processing file /opt/airflow/dags/01_Bronze/03_FPL_raw_game_week.py for tasks to queue
[2025-03-15T09:40:42.733+0000] {logging_mixin.py:190} INFO - [2025-03-15T09:40:42.732+0000] {dagbag.py:588} INFO - Filling up the DagBag from /opt/airflow/dags/01_Bronze/03_FPL_raw_game_week.py
[2025-03-15T09:40:43.504+0000] {processor.py:925} INFO - DAG(s) 'FPL_raw_games' retrieved from /opt/airflow/dags/01_Bronze/03_FPL_raw_game_week.py
[2025-03-15T09:40:43.553+0000] {logging_mixin.py:190} INFO - [2025-03-15T09:40:43.552+0000] {dag.py:3239} INFO - Sync 1 DAGs
[2025-03-15T09:40:43.602+0000] {logging_mixin.py:190} INFO - [2025-03-15T09:40:43.602+0000] {dag.py:4180} INFO - Setting next_dagrun for FPL_raw_games to 2025-03-14 00:05:00+00:00, run_after=2025-03-15 00:05:00+00:00
[2025-03-15T09:40:43.642+0000] {processor.py:208} INFO - Processing /opt/airflow/dags/01_Bronze/03_FPL_raw_game_week.py took 0.934 seconds
[2025-03-15T09:41:13.840+0000] {processor.py:186} INFO - Started process (PID=282) to work on /opt/airflow/dags/01_Bronze/03_FPL_raw_game_week.py
[2025-03-15T09:41:13.841+0000] {processor.py:914} INFO - Processing file /opt/airflow/dags/01_Bronze/03_FPL_raw_game_week.py for tasks to queue
[2025-03-15T09:41:13.845+0000] {logging_mixin.py:190} INFO - [2025-03-15T09:41:13.844+0000] {dagbag.py:588} INFO - Filling up the DagBag from /opt/airflow/dags/01_Bronze/03_FPL_raw_game_week.py
[2025-03-15T09:41:14.416+0000] {processor.py:925} INFO - DAG(s) 'FPL_raw_games' retrieved from /opt/airflow/dags/01_Bronze/03_FPL_raw_game_week.py
[2025-03-15T09:41:14.466+0000] {logging_mixin.py:190} INFO - [2025-03-15T09:41:14.465+0000] {dag.py:3239} INFO - Sync 1 DAGs
[2025-03-15T09:41:14.513+0000] {logging_mixin.py:190} INFO - [2025-03-15T09:41:14.513+0000] {dag.py:4180} INFO - Setting next_dagrun for FPL_raw_games to 2025-03-14 00:05:00+00:00, run_after=2025-03-15 00:05:00+00:00
[2025-03-15T09:41:14.553+0000] {processor.py:208} INFO - Processing /opt/airflow/dags/01_Bronze/03_FPL_raw_game_week.py took 0.721 seconds
[2025-03-15T09:41:44.716+0000] {processor.py:186} INFO - Started process (PID=297) to work on /opt/airflow/dags/01_Bronze/03_FPL_raw_game_week.py
[2025-03-15T09:41:44.717+0000] {processor.py:914} INFO - Processing file /opt/airflow/dags/01_Bronze/03_FPL_raw_game_week.py for tasks to queue
[2025-03-15T09:41:44.722+0000] {logging_mixin.py:190} INFO - [2025-03-15T09:41:44.721+0000] {dagbag.py:588} INFO - Filling up the DagBag from /opt/airflow/dags/01_Bronze/03_FPL_raw_game_week.py
[2025-03-15T09:41:45.420+0000] {processor.py:925} INFO - DAG(s) 'FPL_raw_games' retrieved from /opt/airflow/dags/01_Bronze/03_FPL_raw_game_week.py
[2025-03-15T09:41:45.464+0000] {logging_mixin.py:190} INFO - [2025-03-15T09:41:45.463+0000] {dag.py:3239} INFO - Sync 1 DAGs
[2025-03-15T09:41:45.509+0000] {logging_mixin.py:190} INFO - [2025-03-15T09:41:45.508+0000] {dag.py:4180} INFO - Setting next_dagrun for FPL_raw_games to 2025-03-14 00:05:00+00:00, run_after=2025-03-15 00:05:00+00:00
[2025-03-15T09:41:45.550+0000] {processor.py:208} INFO - Processing /opt/airflow/dags/01_Bronze/03_FPL_raw_game_week.py took 0.844 seconds
[2025-03-15T09:42:16.097+0000] {processor.py:186} INFO - Started process (PID=312) to work on /opt/airflow/dags/01_Bronze/03_FPL_raw_game_week.py
[2025-03-15T09:42:16.098+0000] {processor.py:914} INFO - Processing file /opt/airflow/dags/01_Bronze/03_FPL_raw_game_week.py for tasks to queue
[2025-03-15T09:42:16.102+0000] {logging_mixin.py:190} INFO - [2025-03-15T09:42:16.101+0000] {dagbag.py:588} INFO - Filling up the DagBag from /opt/airflow/dags/01_Bronze/03_FPL_raw_game_week.py
[2025-03-15T09:42:16.566+0000] {processor.py:925} INFO - DAG(s) 'FPL_raw_games' retrieved from /opt/airflow/dags/01_Bronze/03_FPL_raw_game_week.py
[2025-03-15T09:42:16.604+0000] {logging_mixin.py:190} INFO - [2025-03-15T09:42:16.604+0000] {dag.py:3239} INFO - Sync 1 DAGs
[2025-03-15T09:42:16.647+0000] {logging_mixin.py:190} INFO - [2025-03-15T09:42:16.646+0000] {dag.py:4180} INFO - Setting next_dagrun for FPL_raw_games to 2025-03-14 00:05:00+00:00, run_after=2025-03-15 00:05:00+00:00
[2025-03-15T09:42:16.681+0000] {processor.py:208} INFO - Processing /opt/airflow/dags/01_Bronze/03_FPL_raw_game_week.py took 0.594 seconds
[2025-03-15T09:42:47.254+0000] {processor.py:186} INFO - Started process (PID=327) to work on /opt/airflow/dags/01_Bronze/03_FPL_raw_game_week.py
[2025-03-15T09:42:47.255+0000] {processor.py:914} INFO - Processing file /opt/airflow/dags/01_Bronze/03_FPL_raw_game_week.py for tasks to queue
[2025-03-15T09:42:47.258+0000] {logging_mixin.py:190} INFO - [2025-03-15T09:42:47.257+0000] {dagbag.py:588} INFO - Filling up the DagBag from /opt/airflow/dags/01_Bronze/03_FPL_raw_game_week.py
[2025-03-15T09:42:47.830+0000] {processor.py:925} INFO - DAG(s) 'FPL_raw_games' retrieved from /opt/airflow/dags/01_Bronze/03_FPL_raw_game_week.py
[2025-03-15T09:42:47.879+0000] {logging_mixin.py:190} INFO - [2025-03-15T09:42:47.878+0000] {dag.py:3239} INFO - Sync 1 DAGs
[2025-03-15T09:42:47.941+0000] {logging_mixin.py:190} INFO - [2025-03-15T09:42:47.941+0000] {dag.py:4180} INFO - Setting next_dagrun for FPL_raw_games to 2025-03-14 00:05:00+00:00, run_after=2025-03-15 00:05:00+00:00
[2025-03-15T09:42:47.985+0000] {processor.py:208} INFO - Processing /opt/airflow/dags/01_Bronze/03_FPL_raw_game_week.py took 0.738 seconds
[2025-03-15T09:43:18.803+0000] {processor.py:186} INFO - Started process (PID=342) to work on /opt/airflow/dags/01_Bronze/03_FPL_raw_game_week.py
[2025-03-15T09:43:18.804+0000] {processor.py:914} INFO - Processing file /opt/airflow/dags/01_Bronze/03_FPL_raw_game_week.py for tasks to queue
[2025-03-15T09:43:18.810+0000] {logging_mixin.py:190} INFO - [2025-03-15T09:43:18.809+0000] {dagbag.py:588} INFO - Filling up the DagBag from /opt/airflow/dags/01_Bronze/03_FPL_raw_game_week.py
[2025-03-15T09:43:19.548+0000] {processor.py:925} INFO - DAG(s) 'FPL_raw_games' retrieved from /opt/airflow/dags/01_Bronze/03_FPL_raw_game_week.py
[2025-03-15T09:43:19.617+0000] {logging_mixin.py:190} INFO - [2025-03-15T09:43:19.616+0000] {dag.py:3239} INFO - Sync 1 DAGs
[2025-03-15T09:43:19.683+0000] {logging_mixin.py:190} INFO - [2025-03-15T09:43:19.683+0000] {dag.py:4180} INFO - Setting next_dagrun for FPL_raw_games to 2025-03-14 00:05:00+00:00, run_after=2025-03-15 00:05:00+00:00
[2025-03-15T09:43:19.726+0000] {processor.py:208} INFO - Processing /opt/airflow/dags/01_Bronze/03_FPL_raw_game_week.py took 0.937 seconds
[2025-03-15T09:43:50.202+0000] {processor.py:186} INFO - Started process (PID=357) to work on /opt/airflow/dags/01_Bronze/03_FPL_raw_game_week.py
[2025-03-15T09:43:50.204+0000] {processor.py:914} INFO - Processing file /opt/airflow/dags/01_Bronze/03_FPL_raw_game_week.py for tasks to queue
[2025-03-15T09:43:50.207+0000] {logging_mixin.py:190} INFO - [2025-03-15T09:43:50.207+0000] {dagbag.py:588} INFO - Filling up the DagBag from /opt/airflow/dags/01_Bronze/03_FPL_raw_game_week.py
[2025-03-15T09:43:50.807+0000] {processor.py:925} INFO - DAG(s) 'FPL_raw_games' retrieved from /opt/airflow/dags/01_Bronze/03_FPL_raw_game_week.py
[2025-03-15T09:43:50.853+0000] {logging_mixin.py:190} INFO - [2025-03-15T09:43:50.853+0000] {dag.py:3239} INFO - Sync 1 DAGs
[2025-03-15T09:43:50.907+0000] {logging_mixin.py:190} INFO - [2025-03-15T09:43:50.907+0000] {dag.py:4180} INFO - Setting next_dagrun for FPL_raw_games to 2025-03-14 00:05:00+00:00, run_after=2025-03-15 00:05:00+00:00
[2025-03-15T09:43:50.952+0000] {processor.py:208} INFO - Processing /opt/airflow/dags/01_Bronze/03_FPL_raw_game_week.py took 0.759 seconds
