[2025-03-15T09:34:17.443+0000] {processor.py:186} INFO - Started process (PID=82) to work on /opt/airflow/dags/02_Silver/update_silver_layer.py
[2025-03-15T09:34:17.446+0000] {processor.py:914} INFO - Processing file /opt/airflow/dags/02_Silver/update_silver_layer.py for tasks to queue
[2025-03-15T09:34:17.451+0000] {logging_mixin.py:190} INFO - [2025-03-15T09:34:17.451+0000] {dagbag.py:588} INFO - Filling up the DagBag from /opt/airflow/dags/02_Silver/update_silver_layer.py
[2025-03-15T09:34:17.527+0000] {processor.py:925} INFO - DAG(s) 'FPL_silver_tables' retrieved from /opt/airflow/dags/02_Silver/update_silver_layer.py
[2025-03-15T09:34:17.856+0000] {logging_mixin.py:190} INFO - [2025-03-15T09:34:17.855+0000] {override.py:1912} INFO - Created Permission View: can read on DAG:FPL_silver_tables
[2025-03-15T09:34:17.883+0000] {logging_mixin.py:190} INFO - [2025-03-15T09:34:17.882+0000] {override.py:1912} INFO - Created Permission View: can edit on DAG:FPL_silver_tables
[2025-03-15T09:34:17.904+0000] {logging_mixin.py:190} INFO - [2025-03-15T09:34:17.904+0000] {override.py:1912} INFO - Created Permission View: can delete on DAG:FPL_silver_tables
[2025-03-15T09:34:17.923+0000] {logging_mixin.py:190} INFO - [2025-03-15T09:34:17.923+0000] {override.py:1912} INFO - Created Permission View: menu access on DAG Run:FPL_silver_tables
[2025-03-15T09:34:17.945+0000] {logging_mixin.py:190} INFO - [2025-03-15T09:34:17.944+0000] {override.py:1912} INFO - Created Permission View: can read on DAG Run:FPL_silver_tables
[2025-03-15T09:34:17.964+0000] {logging_mixin.py:190} INFO - [2025-03-15T09:34:17.963+0000] {override.py:1912} INFO - Created Permission View: can create on DAG Run:FPL_silver_tables
[2025-03-15T09:34:17.984+0000] {logging_mixin.py:190} INFO - [2025-03-15T09:34:17.983+0000] {override.py:1912} INFO - Created Permission View: can delete on DAG Run:FPL_silver_tables
[2025-03-15T09:34:17.986+0000] {logging_mixin.py:190} INFO - [2025-03-15T09:34:17.985+0000] {dag.py:3239} INFO - Sync 1 DAGs
[2025-03-15T09:34:18.310+0000] {logging_mixin.py:190} INFO - [2025-03-15T09:34:18.310+0000] {dag.py:3262} INFO - Creating ORM DAG for FPL_silver_tables
[2025-03-15T09:34:18.344+0000] {logging_mixin.py:190} INFO - [2025-03-15T09:34:18.344+0000] {dag.py:4180} INFO - Setting next_dagrun for FPL_silver_tables to 2025-03-14 00:10:00+00:00, run_after=2025-03-15 00:10:00+00:00
[2025-03-15T09:34:18.392+0000] {processor.py:208} INFO - Processing /opt/airflow/dags/02_Silver/update_silver_layer.py took 0.963 seconds
[2025-03-15T09:34:48.886+0000] {processor.py:186} INFO - Started process (PID=95) to work on /opt/airflow/dags/02_Silver/update_silver_layer.py
[2025-03-15T09:34:48.888+0000] {processor.py:914} INFO - Processing file /opt/airflow/dags/02_Silver/update_silver_layer.py for tasks to queue
[2025-03-15T09:34:48.894+0000] {logging_mixin.py:190} INFO - [2025-03-15T09:34:48.893+0000] {dagbag.py:588} INFO - Filling up the DagBag from /opt/airflow/dags/02_Silver/update_silver_layer.py
[2025-03-15T09:34:48.945+0000] {processor.py:925} INFO - DAG(s) 'FPL_silver_tables' retrieved from /opt/airflow/dags/02_Silver/update_silver_layer.py
[2025-03-15T09:34:49.008+0000] {logging_mixin.py:190} INFO - [2025-03-15T09:34:49.008+0000] {dag.py:3239} INFO - Sync 1 DAGs
[2025-03-15T09:34:49.069+0000] {logging_mixin.py:190} INFO - [2025-03-15T09:34:49.069+0000] {dag.py:4180} INFO - Setting next_dagrun for FPL_silver_tables to 2025-03-14 00:10:00+00:00, run_after=2025-03-15 00:10:00+00:00
[2025-03-15T09:34:49.123+0000] {processor.py:208} INFO - Processing /opt/airflow/dags/02_Silver/update_silver_layer.py took 0.253 seconds
[2025-03-15T09:35:21.904+0000] {processor.py:186} INFO - Started process (PID=110) to work on /opt/airflow/dags/02_Silver/update_silver_layer.py
[2025-03-15T09:35:21.911+0000] {processor.py:914} INFO - Processing file /opt/airflow/dags/02_Silver/update_silver_layer.py for tasks to queue
[2025-03-15T09:35:21.918+0000] {logging_mixin.py:190} INFO - [2025-03-15T09:35:21.917+0000] {dagbag.py:588} INFO - Filling up the DagBag from /opt/airflow/dags/02_Silver/update_silver_layer.py
[2025-03-15T09:35:21.976+0000] {processor.py:925} INFO - DAG(s) 'FPL_silver_tables' retrieved from /opt/airflow/dags/02_Silver/update_silver_layer.py
[2025-03-15T09:35:22.041+0000] {logging_mixin.py:190} INFO - [2025-03-15T09:35:22.040+0000] {dag.py:3239} INFO - Sync 1 DAGs
[2025-03-15T09:35:22.117+0000] {logging_mixin.py:190} INFO - [2025-03-15T09:35:22.117+0000] {dag.py:4180} INFO - Setting next_dagrun for FPL_silver_tables to 2025-03-14 00:10:00+00:00, run_after=2025-03-15 00:10:00+00:00
[2025-03-15T09:35:22.409+0000] {processor.py:208} INFO - Processing /opt/airflow/dags/02_Silver/update_silver_layer.py took 0.529 seconds
[2025-03-15T09:35:53.449+0000] {processor.py:186} INFO - Started process (PID=125) to work on /opt/airflow/dags/02_Silver/update_silver_layer.py
[2025-03-15T09:35:53.452+0000] {processor.py:914} INFO - Processing file /opt/airflow/dags/02_Silver/update_silver_layer.py for tasks to queue
[2025-03-15T09:35:53.463+0000] {logging_mixin.py:190} INFO - [2025-03-15T09:35:53.462+0000] {dagbag.py:588} INFO - Filling up the DagBag from /opt/airflow/dags/02_Silver/update_silver_layer.py
[2025-03-15T09:35:53.518+0000] {processor.py:925} INFO - DAG(s) 'FPL_silver_tables' retrieved from /opt/airflow/dags/02_Silver/update_silver_layer.py
[2025-03-15T09:35:53.754+0000] {logging_mixin.py:190} INFO - [2025-03-15T09:35:53.753+0000] {dag.py:3239} INFO - Sync 1 DAGs
[2025-03-15T09:35:53.797+0000] {logging_mixin.py:190} INFO - [2025-03-15T09:35:53.796+0000] {dag.py:4180} INFO - Setting next_dagrun for FPL_silver_tables to 2025-03-14 00:10:00+00:00, run_after=2025-03-15 00:10:00+00:00
[2025-03-15T09:35:53.882+0000] {processor.py:208} INFO - Processing /opt/airflow/dags/02_Silver/update_silver_layer.py took 0.472 seconds
[2025-03-15T09:36:24.609+0000] {processor.py:186} INFO - Started process (PID=140) to work on /opt/airflow/dags/02_Silver/update_silver_layer.py
[2025-03-15T09:36:24.612+0000] {processor.py:914} INFO - Processing file /opt/airflow/dags/02_Silver/update_silver_layer.py for tasks to queue
[2025-03-15T09:36:24.616+0000] {logging_mixin.py:190} INFO - [2025-03-15T09:36:24.615+0000] {dagbag.py:588} INFO - Filling up the DagBag from /opt/airflow/dags/02_Silver/update_silver_layer.py
[2025-03-15T09:36:24.650+0000] {processor.py:925} INFO - DAG(s) 'FPL_silver_tables' retrieved from /opt/airflow/dags/02_Silver/update_silver_layer.py
[2025-03-15T09:36:24.686+0000] {logging_mixin.py:190} INFO - [2025-03-15T09:36:24.685+0000] {dag.py:3239} INFO - Sync 1 DAGs
[2025-03-15T09:36:24.719+0000] {logging_mixin.py:190} INFO - [2025-03-15T09:36:24.719+0000] {dag.py:4180} INFO - Setting next_dagrun for FPL_silver_tables to 2025-03-14 00:10:00+00:00, run_after=2025-03-15 00:10:00+00:00
[2025-03-15T09:36:24.751+0000] {processor.py:208} INFO - Processing /opt/airflow/dags/02_Silver/update_silver_layer.py took 0.156 seconds
[2025-03-15T09:36:56.283+0000] {processor.py:186} INFO - Started process (PID=155) to work on /opt/airflow/dags/02_Silver/update_silver_layer.py
[2025-03-15T09:36:56.285+0000] {processor.py:914} INFO - Processing file /opt/airflow/dags/02_Silver/update_silver_layer.py for tasks to queue
[2025-03-15T09:36:56.289+0000] {logging_mixin.py:190} INFO - [2025-03-15T09:36:56.289+0000] {dagbag.py:588} INFO - Filling up the DagBag from /opt/airflow/dags/02_Silver/update_silver_layer.py
[2025-03-15T09:36:56.327+0000] {processor.py:925} INFO - DAG(s) 'FPL_silver_tables' retrieved from /opt/airflow/dags/02_Silver/update_silver_layer.py
[2025-03-15T09:36:56.366+0000] {logging_mixin.py:190} INFO - [2025-03-15T09:36:56.366+0000] {dag.py:3239} INFO - Sync 1 DAGs
[2025-03-15T09:36:56.407+0000] {logging_mixin.py:190} INFO - [2025-03-15T09:36:56.406+0000] {dag.py:4180} INFO - Setting next_dagrun for FPL_silver_tables to 2025-03-14 00:10:00+00:00, run_after=2025-03-15 00:10:00+00:00
[2025-03-15T09:36:56.441+0000] {processor.py:208} INFO - Processing /opt/airflow/dags/02_Silver/update_silver_layer.py took 0.170 seconds
[2025-03-15T09:37:27.132+0000] {processor.py:186} INFO - Started process (PID=169) to work on /opt/airflow/dags/02_Silver/update_silver_layer.py
[2025-03-15T09:37:27.134+0000] {processor.py:914} INFO - Processing file /opt/airflow/dags/02_Silver/update_silver_layer.py for tasks to queue
[2025-03-15T09:37:27.138+0000] {logging_mixin.py:190} INFO - [2025-03-15T09:37:27.138+0000] {dagbag.py:588} INFO - Filling up the DagBag from /opt/airflow/dags/02_Silver/update_silver_layer.py
[2025-03-15T09:37:27.180+0000] {processor.py:925} INFO - DAG(s) 'FPL_silver_tables' retrieved from /opt/airflow/dags/02_Silver/update_silver_layer.py
[2025-03-15T09:37:27.222+0000] {logging_mixin.py:190} INFO - [2025-03-15T09:37:27.222+0000] {dag.py:3239} INFO - Sync 1 DAGs
[2025-03-15T09:37:27.264+0000] {logging_mixin.py:190} INFO - [2025-03-15T09:37:27.263+0000] {dag.py:4180} INFO - Setting next_dagrun for FPL_silver_tables to 2025-03-14 00:10:00+00:00, run_after=2025-03-15 00:10:00+00:00
[2025-03-15T09:37:27.301+0000] {processor.py:208} INFO - Processing /opt/airflow/dags/02_Silver/update_silver_layer.py took 0.179 seconds
[2025-03-15T09:37:58.057+0000] {processor.py:186} INFO - Started process (PID=182) to work on /opt/airflow/dags/02_Silver/update_silver_layer.py
[2025-03-15T09:37:58.076+0000] {processor.py:914} INFO - Processing file /opt/airflow/dags/02_Silver/update_silver_layer.py for tasks to queue
[2025-03-15T09:37:58.083+0000] {logging_mixin.py:190} INFO - [2025-03-15T09:37:58.082+0000] {dagbag.py:588} INFO - Filling up the DagBag from /opt/airflow/dags/02_Silver/update_silver_layer.py
[2025-03-15T09:37:58.138+0000] {processor.py:925} INFO - DAG(s) 'FPL_silver_tables' retrieved from /opt/airflow/dags/02_Silver/update_silver_layer.py
[2025-03-15T09:37:58.187+0000] {logging_mixin.py:190} INFO - [2025-03-15T09:37:58.186+0000] {dag.py:3239} INFO - Sync 1 DAGs
[2025-03-15T09:37:58.251+0000] {logging_mixin.py:190} INFO - [2025-03-15T09:37:58.250+0000] {dag.py:4180} INFO - Setting next_dagrun for FPL_silver_tables to 2025-03-14 00:10:00+00:00, run_after=2025-03-15 00:10:00+00:00
[2025-03-15T09:37:58.296+0000] {processor.py:208} INFO - Processing /opt/airflow/dags/02_Silver/update_silver_layer.py took 0.260 seconds
[2025-03-15T09:38:28.475+0000] {processor.py:186} INFO - Started process (PID=196) to work on /opt/airflow/dags/02_Silver/update_silver_layer.py
[2025-03-15T09:38:28.478+0000] {processor.py:914} INFO - Processing file /opt/airflow/dags/02_Silver/update_silver_layer.py for tasks to queue
[2025-03-15T09:38:28.485+0000] {logging_mixin.py:190} INFO - [2025-03-15T09:38:28.484+0000] {dagbag.py:588} INFO - Filling up the DagBag from /opt/airflow/dags/02_Silver/update_silver_layer.py
[2025-03-15T09:38:28.568+0000] {processor.py:925} INFO - DAG(s) 'FPL_silver_tables' retrieved from /opt/airflow/dags/02_Silver/update_silver_layer.py
[2025-03-15T09:38:28.627+0000] {logging_mixin.py:190} INFO - [2025-03-15T09:38:28.626+0000] {dag.py:3239} INFO - Sync 1 DAGs
[2025-03-15T09:38:28.737+0000] {logging_mixin.py:190} INFO - [2025-03-15T09:38:28.737+0000] {dag.py:4180} INFO - Setting next_dagrun for FPL_silver_tables to 2025-03-14 00:10:00+00:00, run_after=2025-03-15 00:10:00+00:00
[2025-03-15T09:38:28.807+0000] {processor.py:208} INFO - Processing /opt/airflow/dags/02_Silver/update_silver_layer.py took 0.366 seconds
[2025-03-15T09:38:59.229+0000] {processor.py:186} INFO - Started process (PID=211) to work on /opt/airflow/dags/02_Silver/update_silver_layer.py
[2025-03-15T09:38:59.231+0000] {processor.py:914} INFO - Processing file /opt/airflow/dags/02_Silver/update_silver_layer.py for tasks to queue
[2025-03-15T09:38:59.236+0000] {logging_mixin.py:190} INFO - [2025-03-15T09:38:59.235+0000] {dagbag.py:588} INFO - Filling up the DagBag from /opt/airflow/dags/02_Silver/update_silver_layer.py
[2025-03-15T09:38:59.283+0000] {processor.py:925} INFO - DAG(s) 'FPL_silver_tables' retrieved from /opt/airflow/dags/02_Silver/update_silver_layer.py
[2025-03-15T09:38:59.321+0000] {logging_mixin.py:190} INFO - [2025-03-15T09:38:59.321+0000] {dag.py:3239} INFO - Sync 1 DAGs
[2025-03-15T09:38:59.367+0000] {logging_mixin.py:190} INFO - [2025-03-15T09:38:59.366+0000] {dag.py:4180} INFO - Setting next_dagrun for FPL_silver_tables to 2025-03-14 00:10:00+00:00, run_after=2025-03-15 00:10:00+00:00
[2025-03-15T09:38:59.401+0000] {processor.py:208} INFO - Processing /opt/airflow/dags/02_Silver/update_silver_layer.py took 0.183 seconds
[2025-03-15T09:39:29.603+0000] {processor.py:186} INFO - Started process (PID=226) to work on /opt/airflow/dags/02_Silver/update_silver_layer.py
[2025-03-15T09:39:29.604+0000] {processor.py:914} INFO - Processing file /opt/airflow/dags/02_Silver/update_silver_layer.py for tasks to queue
[2025-03-15T09:39:29.607+0000] {logging_mixin.py:190} INFO - [2025-03-15T09:39:29.606+0000] {dagbag.py:588} INFO - Filling up the DagBag from /opt/airflow/dags/02_Silver/update_silver_layer.py
[2025-03-15T09:39:29.638+0000] {processor.py:925} INFO - DAG(s) 'FPL_silver_tables' retrieved from /opt/airflow/dags/02_Silver/update_silver_layer.py
[2025-03-15T09:39:29.665+0000] {logging_mixin.py:190} INFO - [2025-03-15T09:39:29.664+0000] {dag.py:3239} INFO - Sync 1 DAGs
[2025-03-15T09:39:29.696+0000] {logging_mixin.py:190} INFO - [2025-03-15T09:39:29.696+0000] {dag.py:4180} INFO - Setting next_dagrun for FPL_silver_tables to 2025-03-14 00:10:00+00:00, run_after=2025-03-15 00:10:00+00:00
[2025-03-15T09:39:29.724+0000] {processor.py:208} INFO - Processing /opt/airflow/dags/02_Silver/update_silver_layer.py took 0.128 seconds
[2025-03-15T09:39:59.861+0000] {processor.py:186} INFO - Started process (PID=241) to work on /opt/airflow/dags/02_Silver/update_silver_layer.py
[2025-03-15T09:39:59.862+0000] {processor.py:914} INFO - Processing file /opt/airflow/dags/02_Silver/update_silver_layer.py for tasks to queue
[2025-03-15T09:39:59.865+0000] {logging_mixin.py:190} INFO - [2025-03-15T09:39:59.865+0000] {dagbag.py:588} INFO - Filling up the DagBag from /opt/airflow/dags/02_Silver/update_silver_layer.py
[2025-03-15T09:39:59.900+0000] {processor.py:925} INFO - DAG(s) 'FPL_silver_tables' retrieved from /opt/airflow/dags/02_Silver/update_silver_layer.py
[2025-03-15T09:39:59.928+0000] {logging_mixin.py:190} INFO - [2025-03-15T09:39:59.927+0000] {dag.py:3239} INFO - Sync 1 DAGs
[2025-03-15T09:39:59.960+0000] {logging_mixin.py:190} INFO - [2025-03-15T09:39:59.960+0000] {dag.py:4180} INFO - Setting next_dagrun for FPL_silver_tables to 2025-03-14 00:10:00+00:00, run_after=2025-03-15 00:10:00+00:00
[2025-03-15T09:39:59.992+0000] {processor.py:208} INFO - Processing /opt/airflow/dags/02_Silver/update_silver_layer.py took 0.140 seconds
[2025-03-15T09:40:30.385+0000] {processor.py:186} INFO - Started process (PID=256) to work on /opt/airflow/dags/02_Silver/update_silver_layer.py
[2025-03-15T09:40:30.386+0000] {processor.py:914} INFO - Processing file /opt/airflow/dags/02_Silver/update_silver_layer.py for tasks to queue
[2025-03-15T09:40:30.390+0000] {logging_mixin.py:190} INFO - [2025-03-15T09:40:30.389+0000] {dagbag.py:588} INFO - Filling up the DagBag from /opt/airflow/dags/02_Silver/update_silver_layer.py
[2025-03-15T09:40:30.437+0000] {processor.py:925} INFO - DAG(s) 'FPL_silver_tables' retrieved from /opt/airflow/dags/02_Silver/update_silver_layer.py
[2025-03-15T09:40:30.470+0000] {logging_mixin.py:190} INFO - [2025-03-15T09:40:30.470+0000] {dag.py:3239} INFO - Sync 1 DAGs
[2025-03-15T09:40:30.514+0000] {logging_mixin.py:190} INFO - [2025-03-15T09:40:30.513+0000] {dag.py:4180} INFO - Setting next_dagrun for FPL_silver_tables to 2025-03-14 00:10:00+00:00, run_after=2025-03-15 00:10:00+00:00
[2025-03-15T09:40:30.543+0000] {processor.py:208} INFO - Processing /opt/airflow/dags/02_Silver/update_silver_layer.py took 0.169 seconds
[2025-03-15T09:41:01.186+0000] {processor.py:186} INFO - Started process (PID=271) to work on /opt/airflow/dags/02_Silver/update_silver_layer.py
[2025-03-15T09:41:01.187+0000] {processor.py:914} INFO - Processing file /opt/airflow/dags/02_Silver/update_silver_layer.py for tasks to queue
[2025-03-15T09:41:01.191+0000] {logging_mixin.py:190} INFO - [2025-03-15T09:41:01.191+0000] {dagbag.py:588} INFO - Filling up the DagBag from /opt/airflow/dags/02_Silver/update_silver_layer.py
[2025-03-15T09:41:01.237+0000] {processor.py:925} INFO - DAG(s) 'FPL_silver_tables' retrieved from /opt/airflow/dags/02_Silver/update_silver_layer.py
[2025-03-15T09:41:01.281+0000] {logging_mixin.py:190} INFO - [2025-03-15T09:41:01.280+0000] {dag.py:3239} INFO - Sync 1 DAGs
[2025-03-15T09:41:01.334+0000] {logging_mixin.py:190} INFO - [2025-03-15T09:41:01.334+0000] {dag.py:4180} INFO - Setting next_dagrun for FPL_silver_tables to 2025-03-14 00:10:00+00:00, run_after=2025-03-15 00:10:00+00:00
[2025-03-15T09:41:01.373+0000] {processor.py:208} INFO - Processing /opt/airflow/dags/02_Silver/update_silver_layer.py took 0.198 seconds
[2025-03-15T09:41:31.515+0000] {processor.py:186} INFO - Started process (PID=286) to work on /opt/airflow/dags/02_Silver/update_silver_layer.py
[2025-03-15T09:41:31.517+0000] {processor.py:914} INFO - Processing file /opt/airflow/dags/02_Silver/update_silver_layer.py for tasks to queue
[2025-03-15T09:41:31.522+0000] {logging_mixin.py:190} INFO - [2025-03-15T09:41:31.521+0000] {dagbag.py:588} INFO - Filling up the DagBag from /opt/airflow/dags/02_Silver/update_silver_layer.py
[2025-03-15T09:41:31.575+0000] {processor.py:925} INFO - DAG(s) 'FPL_silver_tables' retrieved from /opt/airflow/dags/02_Silver/update_silver_layer.py
[2025-03-15T09:41:31.622+0000] {logging_mixin.py:190} INFO - [2025-03-15T09:41:31.621+0000] {dag.py:3239} INFO - Sync 1 DAGs
[2025-03-15T09:41:31.684+0000] {logging_mixin.py:190} INFO - [2025-03-15T09:41:31.683+0000] {dag.py:4180} INFO - Setting next_dagrun for FPL_silver_tables to 2025-03-14 00:10:00+00:00, run_after=2025-03-15 00:10:00+00:00
[2025-03-15T09:41:31.727+0000] {processor.py:208} INFO - Processing /opt/airflow/dags/02_Silver/update_silver_layer.py took 0.225 seconds
[2025-03-15T09:42:01.965+0000] {processor.py:186} INFO - Started process (PID=301) to work on /opt/airflow/dags/02_Silver/update_silver_layer.py
[2025-03-15T09:42:01.967+0000] {processor.py:914} INFO - Processing file /opt/airflow/dags/02_Silver/update_silver_layer.py for tasks to queue
[2025-03-15T09:42:01.971+0000] {logging_mixin.py:190} INFO - [2025-03-15T09:42:01.970+0000] {dagbag.py:588} INFO - Filling up the DagBag from /opt/airflow/dags/02_Silver/update_silver_layer.py
[2025-03-15T09:42:02.014+0000] {processor.py:925} INFO - DAG(s) 'FPL_silver_tables' retrieved from /opt/airflow/dags/02_Silver/update_silver_layer.py
[2025-03-15T09:42:02.056+0000] {logging_mixin.py:190} INFO - [2025-03-15T09:42:02.056+0000] {dag.py:3239} INFO - Sync 1 DAGs
[2025-03-15T09:42:02.107+0000] {logging_mixin.py:190} INFO - [2025-03-15T09:42:02.107+0000] {dag.py:4180} INFO - Setting next_dagrun for FPL_silver_tables to 2025-03-14 00:10:00+00:00, run_after=2025-03-15 00:10:00+00:00
[2025-03-15T09:42:02.144+0000] {processor.py:208} INFO - Processing /opt/airflow/dags/02_Silver/update_silver_layer.py took 0.192 seconds
[2025-03-15T09:42:32.272+0000] {processor.py:186} INFO - Started process (PID=316) to work on /opt/airflow/dags/02_Silver/update_silver_layer.py
[2025-03-15T09:42:32.273+0000] {processor.py:914} INFO - Processing file /opt/airflow/dags/02_Silver/update_silver_layer.py for tasks to queue
[2025-03-15T09:42:32.276+0000] {logging_mixin.py:190} INFO - [2025-03-15T09:42:32.275+0000] {dagbag.py:588} INFO - Filling up the DagBag from /opt/airflow/dags/02_Silver/update_silver_layer.py
[2025-03-15T09:42:32.306+0000] {processor.py:925} INFO - DAG(s) 'FPL_silver_tables' retrieved from /opt/airflow/dags/02_Silver/update_silver_layer.py
[2025-03-15T09:42:32.332+0000] {logging_mixin.py:190} INFO - [2025-03-15T09:42:32.332+0000] {dag.py:3239} INFO - Sync 1 DAGs
[2025-03-15T09:42:32.362+0000] {logging_mixin.py:190} INFO - [2025-03-15T09:42:32.361+0000] {dag.py:4180} INFO - Setting next_dagrun for FPL_silver_tables to 2025-03-14 00:10:00+00:00, run_after=2025-03-15 00:10:00+00:00
[2025-03-15T09:42:32.389+0000] {processor.py:208} INFO - Processing /opt/airflow/dags/02_Silver/update_silver_layer.py took 0.124 seconds
[2025-03-15T09:43:02.526+0000] {processor.py:186} INFO - Started process (PID=331) to work on /opt/airflow/dags/02_Silver/update_silver_layer.py
[2025-03-15T09:43:02.528+0000] {processor.py:914} INFO - Processing file /opt/airflow/dags/02_Silver/update_silver_layer.py for tasks to queue
[2025-03-15T09:43:02.532+0000] {logging_mixin.py:190} INFO - [2025-03-15T09:43:02.531+0000] {dagbag.py:588} INFO - Filling up the DagBag from /opt/airflow/dags/02_Silver/update_silver_layer.py
[2025-03-15T09:43:02.562+0000] {processor.py:925} INFO - DAG(s) 'FPL_silver_tables' retrieved from /opt/airflow/dags/02_Silver/update_silver_layer.py
[2025-03-15T09:43:02.591+0000] {logging_mixin.py:190} INFO - [2025-03-15T09:43:02.591+0000] {dag.py:3239} INFO - Sync 1 DAGs
[2025-03-15T09:43:02.626+0000] {logging_mixin.py:190} INFO - [2025-03-15T09:43:02.625+0000] {dag.py:4180} INFO - Setting next_dagrun for FPL_silver_tables to 2025-03-14 00:10:00+00:00, run_after=2025-03-15 00:10:00+00:00
[2025-03-15T09:43:02.656+0000] {processor.py:208} INFO - Processing /opt/airflow/dags/02_Silver/update_silver_layer.py took 0.139 seconds
[2025-03-15T09:43:33.190+0000] {processor.py:186} INFO - Started process (PID=346) to work on /opt/airflow/dags/02_Silver/update_silver_layer.py
[2025-03-15T09:43:33.193+0000] {processor.py:914} INFO - Processing file /opt/airflow/dags/02_Silver/update_silver_layer.py for tasks to queue
[2025-03-15T09:43:33.197+0000] {logging_mixin.py:190} INFO - [2025-03-15T09:43:33.197+0000] {dagbag.py:588} INFO - Filling up the DagBag from /opt/airflow/dags/02_Silver/update_silver_layer.py
[2025-03-15T09:43:33.247+0000] {processor.py:925} INFO - DAG(s) 'FPL_silver_tables' retrieved from /opt/airflow/dags/02_Silver/update_silver_layer.py
[2025-03-15T09:43:33.290+0000] {logging_mixin.py:190} INFO - [2025-03-15T09:43:33.289+0000] {dag.py:3239} INFO - Sync 1 DAGs
[2025-03-15T09:43:33.342+0000] {logging_mixin.py:190} INFO - [2025-03-15T09:43:33.341+0000] {dag.py:4180} INFO - Setting next_dagrun for FPL_silver_tables to 2025-03-14 00:10:00+00:00, run_after=2025-03-15 00:10:00+00:00
[2025-03-15T09:43:33.390+0000] {processor.py:208} INFO - Processing /opt/airflow/dags/02_Silver/update_silver_layer.py took 0.211 seconds
