[2025-03-15T09:34:10.849+0000] {manager.py:483} INFO - Processing files using up to 2 processes at a time 
[2025-03-15T09:34:10.862+0000] {manager.py:484} INFO - Process each file at most once every 30 seconds
[2025-03-15T09:34:10.868+0000] {manager.py:485} INFO - Checking for new files in /opt/airflow/dags every 300 seconds
[2025-03-15T09:34:10.869+0000] {manager.py:821} INFO - Searching for files in /opt/airflow/dags
[2025-03-15T09:34:11.843+0000] {manager.py:824} INFO - There are 5 files in /opt/airflow/dags
[2025-03-15T09:34:12.331+0000] {manager.py:997} INFO - 
================================================================================
DAG File Processing Stats

File Path                                              PID  Runtime      # DAGs    # Errors  Last Runtime    Last Run      Last # of DB Queries
---------------------------------------------------  -----  ---------  --------  ----------  --------------  ----------  ----------------------
/opt/airflow/dags/01_Bronze/01_FPL_raw_teams.py                               0           0                                                   0
/opt/airflow/dags/01_Bronze/02_FPL_raw_players.py       76  0.14s             0           0                                                   0
/opt/airflow/dags/01_Bronze/03_FPL_raw_game_week.py                           0           0                                                   0
/opt/airflow/dags/01_Bronze/04_FPL_raw_stats.py         77  0.08s             0           0                                                   0
/opt/airflow/dags/02_Silver/update_silver_layer.py                            0           0                                                   0
================================================================================
[2025-03-15T09:34:42.382+0000] {manager.py:997} INFO - 
================================================================================
DAG File Processing Stats

File Path                                            PID    Runtime      # DAGs    # Errors  Last Runtime    Last Run               Last # of DB Queries
---------------------------------------------------  -----  ---------  --------  ----------  --------------  -------------------  ----------------------
/opt/airflow/dags/01_Bronze/02_FPL_raw_players.py                             1           0  4.72s           2025-03-15T09:34:16                      45
/opt/airflow/dags/01_Bronze/04_FPL_raw_stats.py                               1           0  4.69s           2025-03-15T09:34:16                      45
/opt/airflow/dags/01_Bronze/03_FPL_raw_game_week.py                           1           0  1.75s           2025-03-15T09:34:18                      45
/opt/airflow/dags/01_Bronze/01_FPL_raw_teams.py                               1           0  1.27s           2025-03-15T09:34:19                      45
/opt/airflow/dags/02_Silver/update_silver_layer.py                            1           0  1.02s           2025-03-15T09:34:18                      45
================================================================================
[2025-03-15T09:35:12.944+0000] {manager.py:997} INFO - 
================================================================================
DAG File Processing Stats

File Path                                            PID    Runtime      # DAGs    # Errors  Last Runtime    Last Run               Last # of DB Queries
---------------------------------------------------  -----  ---------  --------  ----------  --------------  -------------------  ----------------------
/opt/airflow/dags/01_Bronze/02_FPL_raw_players.py                             1           0  1.82s           2025-03-15T09:34:48                      12
/opt/airflow/dags/01_Bronze/04_FPL_raw_stats.py                               1           0  1.74s           2025-03-15T09:34:48                      12
/opt/airflow/dags/01_Bronze/03_FPL_raw_game_week.py                           1           0  1.38s           2025-03-15T09:34:50                      12
/opt/airflow/dags/01_Bronze/01_FPL_raw_teams.py                               1           0  1.35s           2025-03-15T09:34:51                      12
/opt/airflow/dags/02_Silver/update_silver_layer.py                            1           0  0.31s           2025-03-15T09:34:49                      12
================================================================================
[2025-03-15T09:35:43.723+0000] {manager.py:997} INFO - 
================================================================================
DAG File Processing Stats

File Path                                            PID    Runtime      # DAGs    # Errors  Last Runtime    Last Run               Last # of DB Queries
---------------------------------------------------  -----  ---------  --------  ----------  --------------  -------------------  ----------------------
/opt/airflow/dags/01_Bronze/02_FPL_raw_players.py                             1           0  2.74s           2025-03-15T09:35:21                      12
/opt/airflow/dags/01_Bronze/04_FPL_raw_stats.py                               1           0  2.63s           2025-03-15T09:35:21                      12
/opt/airflow/dags/01_Bronze/01_FPL_raw_teams.py                               1           0  1.91s           2025-03-15T09:35:24                      12
/opt/airflow/dags/01_Bronze/03_FPL_raw_game_week.py                           1           0  1.70s           2025-03-15T09:35:23                      12
/opt/airflow/dags/02_Silver/update_silver_layer.py                            1           0  0.60s           2025-03-15T09:35:22                      12
================================================================================
[2025-03-15T09:36:14.658+0000] {manager.py:997} INFO - 
================================================================================
DAG File Processing Stats

File Path                                            PID    Runtime      # DAGs    # Errors  Last Runtime    Last Run               Last # of DB Queries
---------------------------------------------------  -----  ---------  --------  ----------  --------------  -------------------  ----------------------
/opt/airflow/dags/01_Bronze/03_FPL_raw_game_week.py                           1           0  1.56s           2025-03-15T09:35:55                      12
/opt/airflow/dags/01_Bronze/01_FPL_raw_teams.py                               1           0  1.49s           2025-03-15T09:35:55                      12
/opt/airflow/dags/01_Bronze/04_FPL_raw_stats.py                               1           0  1.41s           2025-03-15T09:35:53                      12
/opt/airflow/dags/01_Bronze/02_FPL_raw_players.py                             1           0  1.38s           2025-03-15T09:35:53                      12
/opt/airflow/dags/02_Silver/update_silver_layer.py                            1           0  0.54s           2025-03-15T09:35:53                      12
================================================================================
[2025-03-15T09:36:45.202+0000] {manager.py:997} INFO - 
================================================================================
DAG File Processing Stats

File Path                                            PID    Runtime      # DAGs    # Errors  Last Runtime    Last Run               Last # of DB Queries
---------------------------------------------------  -----  ---------  --------  ----------  --------------  -------------------  ----------------------
/opt/airflow/dags/01_Bronze/01_FPL_raw_teams.py                               1           0  1.21s           2025-03-15T09:36:27                      12
/opt/airflow/dags/01_Bronze/03_FPL_raw_game_week.py                           1           0  1.18s           2025-03-15T09:36:27                      12
/opt/airflow/dags/01_Bronze/02_FPL_raw_players.py                             1           0  0.65s           2025-03-15T09:36:24                      12
/opt/airflow/dags/01_Bronze/04_FPL_raw_stats.py                               1           0  0.63s           2025-03-15T09:36:24                      12
/opt/airflow/dags/02_Silver/update_silver_layer.py                            1           0  0.19s           2025-03-15T09:36:24                      12
================================================================================
[2025-03-15T09:37:15.929+0000] {manager.py:997} INFO - 
================================================================================
DAG File Processing Stats

File Path                                            PID    Runtime      # DAGs    # Errors  Last Runtime    Last Run               Last # of DB Queries
---------------------------------------------------  -----  ---------  --------  ----------  --------------  -------------------  ----------------------
/opt/airflow/dags/01_Bronze/01_FPL_raw_teams.py                               1           0  1.09s           2025-03-15T09:36:59                      12
/opt/airflow/dags/01_Bronze/03_FPL_raw_game_week.py                           1           0  1.04s           2025-03-15T09:36:59                      12
/opt/airflow/dags/01_Bronze/04_FPL_raw_stats.py                               1           0  0.75s           2025-03-15T09:36:56                      12
/opt/airflow/dags/01_Bronze/02_FPL_raw_players.py                             1           0  0.74s           2025-03-15T09:36:56                      12
/opt/airflow/dags/02_Silver/update_silver_layer.py                            1           0  0.21s           2025-03-15T09:36:56                      12
================================================================================
[2025-03-15T09:37:46.643+0000] {manager.py:997} INFO - 
================================================================================
DAG File Processing Stats

File Path                                            PID    Runtime      # DAGs    # Errors  Last Runtime    Last Run               Last # of DB Queries
---------------------------------------------------  -----  ---------  --------  ----------  --------------  -------------------  ----------------------
/opt/airflow/dags/01_Bronze/04_FPL_raw_stats.py                               1           0  1.01s           2025-03-15T09:37:28                      12
/opt/airflow/dags/01_Bronze/03_FPL_raw_game_week.py                           1           0  0.99s           2025-03-15T09:37:31                      12
/opt/airflow/dags/01_Bronze/01_FPL_raw_teams.py                               1           0  0.95s           2025-03-15T09:37:31                      12
/opt/airflow/dags/01_Bronze/02_FPL_raw_players.py                             1           0  0.76s           2025-03-15T09:37:27                      12
/opt/airflow/dags/02_Silver/update_silver_layer.py                            1           0  0.21s           2025-03-15T09:37:27                      12
================================================================================
[2025-03-15T09:38:16.899+0000] {manager.py:997} INFO - 
================================================================================
DAG File Processing Stats

File Path                                            PID    Runtime      # DAGs    # Errors  Last Runtime    Last Run               Last # of DB Queries
---------------------------------------------------  -----  ---------  --------  ----------  --------------  -------------------  ----------------------
/opt/airflow/dags/01_Bronze/03_FPL_raw_game_week.py                           1           0  1.08s           2025-03-15T09:38:02                      12
/opt/airflow/dags/01_Bronze/01_FPL_raw_teams.py                               1           0  1.06s           2025-03-15T09:38:02                      12
/opt/airflow/dags/01_Bronze/02_FPL_raw_players.py                             1           0  1.05s           2025-03-15T09:37:59                      12
/opt/airflow/dags/01_Bronze/04_FPL_raw_stats.py                               1           0  1.03s           2025-03-15T09:37:59                      12
/opt/airflow/dags/02_Silver/update_silver_layer.py                            1           0  0.31s           2025-03-15T09:37:58                      12
================================================================================
[2025-03-15T09:38:47.048+0000] {manager.py:997} INFO - 
================================================================================
DAG File Processing Stats

File Path                                            PID    Runtime      # DAGs    # Errors  Last Runtime    Last Run               Last # of DB Queries
---------------------------------------------------  -----  ---------  --------  ----------  --------------  -------------------  ----------------------
/opt/airflow/dags/01_Bronze/02_FPL_raw_players.py                             1           0  2.58s           2025-03-15T09:38:32                      12
/opt/airflow/dags/01_Bronze/04_FPL_raw_stats.py                               1           0  2.58s           2025-03-15T09:38:32                      12
/opt/airflow/dags/01_Bronze/03_FPL_raw_game_week.py                           1           0  1.90s           2025-03-15T09:38:34                      12
/opt/airflow/dags/01_Bronze/01_FPL_raw_teams.py                               1           0  1.85s           2025-03-15T09:38:34                      12
/opt/airflow/dags/02_Silver/update_silver_layer.py                            1           0  0.46s           2025-03-15T09:38:28                      12
================================================================================
[2025-03-15T09:39:10.879+0000] {manager.py:821} INFO - Searching for files in /opt/airflow/dags
[2025-03-15T09:39:12.184+0000] {manager.py:824} INFO - There are 5 files in /opt/airflow/dags
[2025-03-15T09:39:17.348+0000] {manager.py:997} INFO - 
================================================================================
DAG File Processing Stats

File Path                                            PID    Runtime      # DAGs    # Errors  Last Runtime    Last Run               Last # of DB Queries
---------------------------------------------------  -----  ---------  --------  ----------  --------------  -------------------  ----------------------
/opt/airflow/dags/01_Bronze/02_FPL_raw_players.py                             1           0  5.83s           2025-03-15T09:39:08                      12
/opt/airflow/dags/01_Bronze/04_FPL_raw_stats.py                               1           0  4.60s           2025-03-15T09:39:07                      12
/opt/airflow/dags/01_Bronze/03_FPL_raw_game_week.py                           1           0  2.33s           2025-03-15T09:39:09                      12
/opt/airflow/dags/01_Bronze/01_FPL_raw_teams.py                               1           0  1.81s           2025-03-15T09:39:10                      12
/opt/airflow/dags/02_Silver/update_silver_layer.py                            1           0  0.22s           2025-03-15T09:38:59                      12
================================================================================
[2025-03-15T09:39:47.552+0000] {manager.py:997} INFO - 
================================================================================
DAG File Processing Stats

File Path                                            PID    Runtime      # DAGs    # Errors  Last Runtime    Last Run               Last # of DB Queries
---------------------------------------------------  -----  ---------  --------  ----------  --------------  -------------------  ----------------------
/opt/airflow/dags/01_Bronze/04_FPL_raw_stats.py                               1           0  0.89s           2025-03-15T09:39:38                      12
/opt/airflow/dags/01_Bronze/02_FPL_raw_players.py                             1           0  0.85s           2025-03-15T09:39:39                      12
/opt/airflow/dags/01_Bronze/03_FPL_raw_game_week.py                           1           0  0.77s           2025-03-15T09:39:40                      12
/opt/airflow/dags/01_Bronze/01_FPL_raw_teams.py                               1           0  0.76s           2025-03-15T09:39:41                      12
/opt/airflow/dags/02_Silver/update_silver_layer.py                            1           0  0.16s           2025-03-15T09:39:29                      12
================================================================================
[2025-03-15T09:40:17.994+0000] {manager.py:997} INFO - 
================================================================================
DAG File Processing Stats

File Path                                            PID    Runtime      # DAGs    # Errors  Last Runtime    Last Run               Last # of DB Queries
---------------------------------------------------  -----  ---------  --------  ----------  --------------  -------------------  ----------------------
/opt/airflow/dags/01_Bronze/02_FPL_raw_players.py                             1           0  0.60s           2025-03-15T09:40:10                      12
/opt/airflow/dags/01_Bronze/01_FPL_raw_teams.py                               1           0  0.56s           2025-03-15T09:40:12                      12
/opt/airflow/dags/01_Bronze/04_FPL_raw_stats.py                               1           0  0.53s           2025-03-15T09:40:09                      12
/opt/airflow/dags/01_Bronze/03_FPL_raw_game_week.py                           1           0  0.51s           2025-03-15T09:40:11                      12
/opt/airflow/dags/02_Silver/update_silver_layer.py                            1           0  0.17s           2025-03-15T09:40:00                      12
================================================================================
[2025-03-15T09:40:48.847+0000] {manager.py:997} INFO - 
================================================================================
DAG File Processing Stats

File Path                                            PID    Runtime      # DAGs    # Errors  Last Runtime    Last Run               Last # of DB Queries
---------------------------------------------------  -----  ---------  --------  ----------  --------------  -------------------  ----------------------
/opt/airflow/dags/01_Bronze/02_FPL_raw_players.py                             1           0  1.04s           2025-03-15T09:40:41                      12
/opt/airflow/dags/01_Bronze/04_FPL_raw_stats.py                               1           0  0.99s           2025-03-15T09:40:40                      12
/opt/airflow/dags/01_Bronze/03_FPL_raw_game_week.py                           1           0  0.98s           2025-03-15T09:40:43                      12
/opt/airflow/dags/01_Bronze/01_FPL_raw_teams.py                               1           0  0.98s           2025-03-15T09:40:43                      12
/opt/airflow/dags/02_Silver/update_silver_layer.py                            1           0  0.21s           2025-03-15T09:40:30                      12
================================================================================
[2025-03-15T09:41:19.068+0000] {manager.py:997} INFO - 
================================================================================
DAG File Processing Stats

File Path                                            PID    Runtime      # DAGs    # Errors  Last Runtime    Last Run               Last # of DB Queries
---------------------------------------------------  -----  ---------  --------  ----------  --------------  -------------------  ----------------------
/opt/airflow/dags/01_Bronze/03_FPL_raw_game_week.py                           1           0  0.78s           2025-03-15T09:41:14                      12
/opt/airflow/dags/01_Bronze/01_FPL_raw_teams.py                               1           0  0.74s           2025-03-15T09:41:14                      12
/opt/airflow/dags/01_Bronze/04_FPL_raw_stats.py                               1           0  0.71s           2025-03-15T09:41:12                      12
/opt/airflow/dags/01_Bronze/02_FPL_raw_players.py                             1           0  0.62s           2025-03-15T09:41:12                      12
/opt/airflow/dags/02_Silver/update_silver_layer.py                            1           0  0.24s           2025-03-15T09:41:01                      12
================================================================================
[2025-03-15T09:41:49.146+0000] {manager.py:997} INFO - 
================================================================================
DAG File Processing Stats

File Path                                            PID    Runtime      # DAGs    # Errors  Last Runtime    Last Run               Last # of DB Queries
---------------------------------------------------  -----  ---------  --------  ----------  --------------  -------------------  ----------------------
/opt/airflow/dags/01_Bronze/02_FPL_raw_players.py                             1           0  0.98s           2025-03-15T09:41:44                      12
/opt/airflow/dags/01_Bronze/03_FPL_raw_game_week.py                           1           0  0.91s           2025-03-15T09:41:45                      12
/opt/airflow/dags/01_Bronze/04_FPL_raw_stats.py                               1           0  0.90s           2025-03-15T09:41:43                      12
/opt/airflow/dags/01_Bronze/01_FPL_raw_teams.py                               1           0  0.87s           2025-03-15T09:41:45                      12
/opt/airflow/dags/02_Silver/update_silver_layer.py                            1           0  0.28s           2025-03-15T09:41:31                      12
================================================================================
[2025-03-15T09:42:19.541+0000] {manager.py:997} INFO - 
================================================================================
DAG File Processing Stats

File Path                                            PID    Runtime      # DAGs    # Errors  Last Runtime    Last Run               Last # of DB Queries
---------------------------------------------------  -----  ---------  --------  ----------  --------------  -------------------  ----------------------
/opt/airflow/dags/01_Bronze/04_FPL_raw_stats.py                               1           0  0.79s           2025-03-15T09:42:15                      12
/opt/airflow/dags/01_Bronze/02_FPL_raw_players.py                             1           0  0.77s           2025-03-15T09:42:14                      12
/opt/airflow/dags/01_Bronze/03_FPL_raw_game_week.py                           1           0  0.64s           2025-03-15T09:42:16                      12
/opt/airflow/dags/01_Bronze/01_FPL_raw_teams.py                               1           0  0.64s           2025-03-15T09:42:16                      12
/opt/airflow/dags/02_Silver/update_silver_layer.py                            1           0  0.23s           2025-03-15T09:42:02                      12
================================================================================
[2025-03-15T09:42:49.771+0000] {manager.py:997} INFO - 
================================================================================
DAG File Processing Stats

File Path                                            PID    Runtime      # DAGs    # Errors  Last Runtime    Last Run               Last # of DB Queries
---------------------------------------------------  -----  ---------  --------  ----------  --------------  -------------------  ----------------------
/opt/airflow/dags/01_Bronze/03_FPL_raw_game_week.py                           1           0  0.87s           2025-03-15T09:42:48                      12
/opt/airflow/dags/01_Bronze/01_FPL_raw_teams.py                               1           0  0.77s           2025-03-15T09:42:48                      12
/opt/airflow/dags/01_Bronze/02_FPL_raw_players.py                             1           0  0.62s           2025-03-15T09:42:46                      12
/opt/airflow/dags/01_Bronze/04_FPL_raw_stats.py                               1           0  0.62s           2025-03-15T09:42:46                      12
/opt/airflow/dags/02_Silver/update_silver_layer.py                            1           0  0.16s           2025-03-15T09:42:32                      12
================================================================================
[2025-03-15T09:43:19.773+0000] {manager.py:997} INFO - 
================================================================================
DAG File Processing Stats

File Path                                            PID    Runtime      # DAGs    # Errors  Last Runtime    Last Run               Last # of DB Queries
---------------------------------------------------  -----  ---------  --------  ----------  --------------  -------------------  ----------------------
/opt/airflow/dags/01_Bronze/01_FPL_raw_teams.py                               1           0  0.99s           2025-03-15T09:43:19                      12
/opt/airflow/dags/01_Bronze/03_FPL_raw_game_week.py                           1           0  0.98s           2025-03-15T09:43:19                      12
/opt/airflow/dags/01_Bronze/02_FPL_raw_players.py                             1           0  0.95s           2025-03-15T09:43:17                      12
/opt/airflow/dags/01_Bronze/04_FPL_raw_stats.py                               1           0  0.87s           2025-03-15T09:43:17                      12
/opt/airflow/dags/02_Silver/update_silver_layer.py                            1           0  0.17s           2025-03-15T09:43:02                      12
================================================================================
[2025-03-15T09:43:50.192+0000] {manager.py:997} INFO - 
================================================================================
DAG File Processing Stats

File Path                                              PID  Runtime      # DAGs    # Errors  Last Runtime    Last Run               Last # of DB Queries
---------------------------------------------------  -----  ---------  --------  ----------  --------------  -------------------  ----------------------
/opt/airflow/dags/01_Bronze/04_FPL_raw_stats.py                               1           0  1.33s           2025-03-15T09:43:49                      12
/opt/airflow/dags/01_Bronze/01_FPL_raw_teams.py        358  0.00s             1           0  0.99s           2025-03-15T09:43:19                      12
/opt/airflow/dags/01_Bronze/03_FPL_raw_game_week.py    357  0.02s             1           0  0.98s           2025-03-15T09:43:19                      12
/opt/airflow/dags/01_Bronze/02_FPL_raw_players.py                             1           0  0.81s           2025-03-15T09:43:49                      12
/opt/airflow/dags/02_Silver/update_silver_layer.py                            1           0  0.26s           2025-03-15T09:43:33                      12
================================================================================
[2025-03-15T09:44:02.550+0000] {manager.py:465} INFO - Exiting gracefully upon receiving signal 15
